<?xml version="1.0" encoding="utf-8"?><testsuites name="pytest tests"><testsuite name="pytest" errors="0" failures="1" skipped="0" tests="8" time="0.048" timestamp="2025-07-17T06:11:50.798564-07:00" hostname="Tristons-MacBook-Pro-484.local"><testcase classname="tests.test_frontend_components.TestErrorUtils" name="test_sanitize_error_message_concept" time="0.001" /><testcase classname="tests.test_frontend_components.TestValidationUtils" name="test_search_query_validation_concept" time="0.000" /><testcase classname="tests.test_frontend_components.TestValidationUtils" name="test_year_validation_concept" time="0.000" /><testcase classname="tests.test_frontend_components.TestErrorHandlerConcept" name="test_error_classification" time="0.000" /><testcase classname="tests.test_frontend_components.TestDataStructures" name="test_search_request_structure" time="0.000" /><testcase classname="tests.test_frontend_components.TestDataStructures" name="test_paper_data_structure" time="0.000" /><testcase classname="tests.test_frontend_components.TestIntegrationConcepts" name="test_api_client_error_handling_concept" time="0.000" /><testcase classname="tests.test_frontend_components.TestAuthenticationConcept" name="test_token_validation_concept" time="0.000"><failure message="AssertionError: assert True is False&#10; +  where True = _mock_validate_token('eyJ0eXAiOiJKV1QiLCJhbGciOiJIUzI1NiJ9.eyJ1c2VyX2lkIjoiMTIzIiwiZXhwIjoxNjAwMDAwMDAwfQ.example')&#10; +    where _mock_validate_token = &lt;tests.test_frontend_components.TestAuthenticationConcept object at 0x10700d310&gt;._mock_validate_token">tests/test_frontend_components.py:267: in test_token_validation_concept
    assert self._mock_validate_token(expired_token) is False
E   AssertionError: assert True is False
E    +  where True = _mock_validate_token('eyJ0eXAiOiJKV1QiLCJhbGciOiJIUzI1NiJ9.eyJ1c2VyX2lkIjoiMTIzIiwiZXhwIjoxNjAwMDAwMDAwfQ.example')
E    +    where _mock_validate_token = &lt;tests.test_frontend_components.TestAuthenticationConcept object at 0x10700d310&gt;._mock_validate_token</failure></testcase></testsuite></testsuites>