<?xml version="1.0" encoding="utf-8"?><testsuites name="pytest tests"><testsuite name="pytest" errors="1" failures="0" skipped="0" tests="1" time="0.236" timestamp="2025-07-17T06:11:48.140297-07:00" hostname="Tristons-MacBook-Pro-484.local"><testcase classname="" name="tests.test_security_validation" time="0.000"><error message="collection failure">ImportError while importing test module '/Users/tristonmiller/Desktop/SwiftBarPlugins1/OpenScholar/tests/test_security_validation.py'.
Hint: make sure your test modules/packages have valid Python names.
Traceback:
/opt/homebrew/Cellar/python@3.13/3.13.5/Frameworks/Python.framework/Versions/3.13/lib/python3.13/importlib/__init__.py:88: in import_module
    return _bootstrap._gcd_import(name[level:], package, level)
           ^^^^^^^^^^^^^^^^^^^^^^^^^^^^^^^^^^^^^^^^^^^^^^^^^^^^
tests/test_security_validation.py:9: in &lt;module&gt;
    from app.security.validation import (
app/security/validation.py:8: in &lt;module&gt;
    import bleach
E   ModuleNotFoundError: No module named 'bleach'</error></testcase></testsuite></testsuites>