{"/Users/tristonmiller/Desktop/SwiftBarPlugins1/OpenScholar/frontend/src/App.tsx": {"path":"/Users/tristonmiller/Desktop/SwiftBarPlugins1/OpenScholar/frontend/src/App.tsx","statementMap":{"0":{"start":{"line":9,"column":33},"end":{"line":9,"column":50}},"1":{"start":{"line":11,"column":2},"end":{"line":25,"column":4}}},"fnMap":{"0":{"name":"App","decl":{"start":{"line":8,"column":9},"end":{"line":8,"column":12}},"loc":{"start":{"line":8,"column":15},"end":{"line":26,"column":1}},"line":8}},"branchMap":{},"s":{"0":0,"1":0},"f":{"0":0},"b":{}}
,"/Users/tristonmiller/Desktop/SwiftBarPlugins1/OpenScholar/frontend/src/index.tsx": {"path":"/Users/tristonmiller/Desktop/SwiftBarPlugins1/OpenScholar/frontend/src/index.tsx","statementMap":{"0":{"start":{"line":7,"column":13},"end":{"line":9,"column":1}},"1":{"start":{"line":10,"column":0},"end":{"line":14,"column":2}},"2":{"start":{"line":19,"column":0},"end":{"line":19,"column":18}}},"fnMap":{},"branchMap":{},"s":{"0":0,"1":0,"2":0},"f":{},"b":{}}
,"/Users/tristonmiller/Desktop/SwiftBarPlugins1/OpenScholar/frontend/src/reportWebVitals.ts": {"path":"/Users/tristonmiller/Desktop/SwiftBarPlugins1/OpenScholar/frontend/src/reportWebVitals.ts","statementMap":{"0":{"start":{"line":3,"column":24},"end":{"line":13,"column":1}},"1":{"start":{"line":4,"column":2},"end":{"line":12,"column":3}},"2":{"start":{"line":5,"column":4},"end":{"line":11,"column":7}},"3":{"start":{"line":6,"column":6},"end":{"line":6,"column":26}},"4":{"start":{"line":7,"column":6},"end":{"line":7,"column":26}},"5":{"start":{"line":8,"column":6},"end":{"line":8,"column":26}},"6":{"start":{"line":9,"column":6},"end":{"line":9,"column":26}},"7":{"start":{"line":10,"column":6},"end":{"line":10,"column":27}}},"fnMap":{"0":{"name":"(anonymous_0)","decl":{"start":{"line":3,"column":24},"end":{"line":3,"column":25}},"loc":{"start":{"line":3,"column":57},"end":{"line":13,"column":1}},"line":3},"1":{"name":"(anonymous_1)","decl":{"start":{"line":5,"column":30},"end":{"line":5,"column":31}},"loc":{"start":{"line":5,"column":79},"end":{"line":11,"column":5}},"line":5}},"branchMap":{"0":{"loc":{"start":{"line":4,"column":2},"end":{"line":12,"column":3}},"type":"if","locations":[{"start":{"line":4,"column":2},"end":{"line":12,"column":3}},{"start":{},"end":{}}],"line":4},"1":{"loc":{"start":{"line":4,"column":6},"end":{"line":4,"column":52}},"type":"binary-expr","locations":[{"start":{"line":4,"column":6},"end":{"line":4,"column":17}},{"start":{"line":4,"column":21},"end":{"line":4,"column":52}}],"line":4}},"s":{"0":0,"1":0,"2":0,"3":0,"4":0,"5":0,"6":0,"7":0},"f":{"0":0,"1":0},"b":{"0":[0,0],"1":[0,0]}}
,"/Users/tristonmiller/Desktop/SwiftBarPlugins1/OpenScholar/frontend/src/types.ts": {"path":"/Users/tristonmiller/Desktop/SwiftBarPlugins1/OpenScholar/frontend/src/types.ts","statementMap":{},"fnMap":{},"branchMap":{},"s":{},"f":{},"b":{}}
,"/Users/tristonmiller/Desktop/SwiftBarPlugins1/OpenScholar/frontend/src/components/AddExternalPaperModal.tsx": {"path":"/Users/tristonmiller/Desktop/SwiftBarPlugins1/OpenScholar/frontend/src/components/AddExternalPaperModal.tsx","statementMap":{"0":{"start":{"line":11,"column":68},"end":{"line":306,"column":1}},"1":{"start":{"line":16,"column":36},"end":{"line":16,"column":69}},"2":{"start":{"line":17,"column":34},"end":{"line":17,"column":46}},"3":{"start":{"line":18,"column":40},"end":{"line":18,"column":52}},"4":{"start":{"line":19,"column":36},"end":{"line":19,"column":51}},"5":{"start":{"line":20,"column":28},"end":{"line":20,"column":57}},"6":{"start":{"line":21,"column":42},"end":{"line":21,"column":70}},"7":{"start":{"line":23,"column":28},"end":{"line":29,"column":3}},"8":{"start":{"line":25,"column":21},"end":{"line":25,"column":76}},"9":{"start":{"line":28,"column":4},"end":{"line":28,"column":46}},"10":{"start":{"line":31,"column":22},"end":{"line":102,"column":3}},"11":{"start":{"line":32,"column":28},"end":{"line":32,"column":30}},"12":{"start":{"line":35,"column":20},"end":{"line":35,"column":54}},"13":{"start":{"line":37,"column":4},"end":{"line":39,"column":5}},"14":{"start":{"line":38,"column":6},"end":{"line":38,"column":55}},"15":{"start":{"line":41,"column":4},"end":{"line":99,"column":7}},"16":{"start":{"line":42,"column":20},"end":{"line":42,"column":62}},"17":{"start":{"line":42,"column":50},"end":{"line":42,"column":61}},"18":{"start":{"line":43,"column":36},"end":{"line":43,"column":38}},"19":{"start":{"line":46,"column":24},"end":{"line":46,"column":32}},"20":{"start":{"line":47,"column":25},"end":{"line":47,"column":61}},"21":{"start":{"line":48,"column":6},"end":{"line":48,"column":30}},"22":{"start":{"line":48,"column":23},"end":{"line":48,"column":30}},"23":{"start":{"line":51,"column":6},"end":{"line":82,"column":7}},"24":{"start":{"line":51,"column":19},"end":{"line":51,"column":20}},"25":{"start":{"line":52,"column":21},"end":{"line":52,"column":29}},"26":{"start":{"line":53,"column":27},"end":{"line":53,"column":74}},"27":{"start":{"line":54,"column":8},"end":{"line":81,"column":9}},"28":{"start":{"line":55,"column":35},"end":{"line":55,"column":45}},"29":{"start":{"line":57,"column":10},"end":{"line":80,"column":11}},"30":{"start":{"line":59,"column":14},"end":{"line":59,"column":34}},"31":{"start":{"line":60,"column":14},"end":{"line":60,"column":20}},"32":{"start":{"line":62,"column":14},"end":{"line":62,"column":80}},"33":{"start":{"line":62,"column":65},"end":{"line":62,"column":78}},"34":{"start":{"line":63,"column":14},"end":{"line":63,"column":20}},"35":{"start":{"line":65,"column":14},"end":{"line":65,"column":37}},"36":{"start":{"line":66,"column":14},"end":{"line":66,"column":20}},"37":{"start":{"line":68,"column":14},"end":{"line":68,"column":33}},"38":{"start":{"line":69,"column":14},"end":{"line":69,"column":20}},"39":{"start":{"line":72,"column":14},"end":{"line":72,"column":36}},"40":{"start":{"line":73,"column":14},"end":{"line":73,"column":20}},"41":{"start":{"line":75,"column":14},"end":{"line":75,"column":32}},"42":{"start":{"line":76,"column":14},"end":{"line":76,"column":20}},"43":{"start":{"line":78,"column":14},"end":{"line":78,"column":42}},"44":{"start":{"line":79,"column":14},"end":{"line":79,"column":20}},"45":{"start":{"line":85,"column":35},"end":{"line":96,"column":7}},"46":{"start":{"line":98,"column":6},"end":{"line":98,"column":33}},"47":{"start":{"line":101,"column":4},"end":{"line":101,"column":18}},"48":{"start":{"line":104,"column":26},"end":{"line":118,"column":3}},"49":{"start":{"line":105,"column":4},"end":{"line":105,"column":33}},"50":{"start":{"line":105,"column":26},"end":{"line":105,"column":33}},"51":{"start":{"line":107,"column":4},"end":{"line":107,"column":23}},"52":{"start":{"line":108,"column":4},"end":{"line":108,"column":19}},"53":{"start":{"line":110,"column":4},"end":{"line":117,"column":5}},"54":{"start":{"line":111,"column":20},"end":{"line":111,"column":53}},"55":{"start":{"line":112,"column":6},"end":{"line":112,"column":29}},"56":{"start":{"line":114,"column":6},"end":{"line":114,"column":77}},"57":{"start":{"line":116,"column":6},"end":{"line":116,"column":26}},"58":{"start":{"line":120,"column":29},"end":{"line":140,"column":3}},"59":{"start":{"line":121,"column":4},"end":{"line":121,"column":36}},"60":{"start":{"line":121,"column":29},"end":{"line":121,"column":36}},"61":{"start":{"line":123,"column":4},"end":{"line":123,"column":23}},"62":{"start":{"line":124,"column":4},"end":{"line":124,"column":19}},"63":{"start":{"line":126,"column":4},"end":{"line":139,"column":5}},"64":{"start":{"line":127,"column":21},"end":{"line":127,"column":45}},"65":{"start":{"line":128,"column":6},"end":{"line":134,"column":7}},"66":{"start":{"line":129,"column":8},"end":{"line":129,"column":35}},"67":{"start":{"line":133,"column":8},"end":{"line":133,"column":35}},"68":{"start":{"line":136,"column":6},"end":{"line":136,"column":78}},"69":{"start":{"line":138,"column":6},"end":{"line":138,"column":26}},"70":{"start":{"line":142,"column":25},"end":{"line":147,"column":3}},"71":{"start":{"line":143,"column":4},"end":{"line":146,"column":5}},"72":{"start":{"line":144,"column":6},"end":{"line":144,"column":31}},"73":{"start":{"line":145,"column":6},"end":{"line":145,"column":20}},"74":{"start":{"line":149,"column":22},"end":{"line":156,"column":3}},"75":{"start":{"line":150,"column":4},"end":{"line":150,"column":20}},"76":{"start":{"line":151,"column":4},"end":{"line":151,"column":23}},"77":{"start":{"line":152,"column":4},"end":{"line":152,"column":26}},"78":{"start":{"line":153,"column":4},"end":{"line":153,"column":19}},"79":{"start":{"line":154,"column":4},"end":{"line":154,"column":24}},"80":{"start":{"line":155,"column":4},"end":{"line":155,"column":14}},"81":{"start":{"line":158,"column":2},"end":{"line":158,"column":27}},"82":{"start":{"line":158,"column":15},"end":{"line":158,"column":27}},"83":{"start":{"line":160,"column":2},"end":{"line":305,"column":4}},"84":{"start":{"line":181,"column":27},"end":{"line":181,"column":46}},"85":{"start":{"line":191,"column":27},"end":{"line":191,"column":49}},"86":{"start":{"line":214,"column":35},"end":{"line":214,"column":62}},"87":{"start":{"line":238,"column":35},"end":{"line":238,"column":65}}},"fnMap":{"0":{"name":"(anonymous_0)","decl":{"start":{"line":11,"column":68},"end":{"line":11,"column":69}},"loc":{"start":{"line":15,"column":6},"end":{"line":306,"column":1}},"line":15},"1":{"name":"(anonymous_1)","decl":{"start":{"line":23,"column":28},"end":{"line":23,"column":29}},"loc":{"start":{"line":23,"column":67},"end":{"line":29,"column":3}},"line":23},"2":{"name":"(anonymous_2)","decl":{"start":{"line":31,"column":22},"end":{"line":31,"column":23}},"loc":{"start":{"line":31,"column":55},"end":{"line":102,"column":3}},"line":31},"3":{"name":"(anonymous_3)","decl":{"start":{"line":41,"column":20},"end":{"line":41,"column":21}},"loc":{"start":{"line":41,"column":29},"end":{"line":99,"column":5}},"line":41},"4":{"name":"(anonymous_4)","decl":{"start":{"line":42,"column":42},"end":{"line":42,"column":43}},"loc":{"start":{"line":42,"column":50},"end":{"line":42,"column":61}},"line":42},"5":{"name":"(anonymous_5)","decl":{"start":{"line":62,"column":55},"end":{"line":62,"column":56}},"loc":{"start":{"line":62,"column":65},"end":{"line":62,"column":78}},"line":62},"6":{"name":"(anonymous_6)","decl":{"start":{"line":104,"column":26},"end":{"line":104,"column":27}},"loc":{"start":{"line":104,"column":38},"end":{"line":118,"column":3}},"line":104},"7":{"name":"(anonymous_7)","decl":{"start":{"line":120,"column":29},"end":{"line":120,"column":30}},"loc":{"start":{"line":120,"column":41},"end":{"line":140,"column":3}},"line":120},"8":{"name":"(anonymous_8)","decl":{"start":{"line":142,"column":25},"end":{"line":142,"column":26}},"loc":{"start":{"line":142,"column":31},"end":{"line":147,"column":3}},"line":142},"9":{"name":"(anonymous_9)","decl":{"start":{"line":149,"column":22},"end":{"line":149,"column":23}},"loc":{"start":{"line":149,"column":28},"end":{"line":156,"column":3}},"line":149},"10":{"name":"(anonymous_10)","decl":{"start":{"line":181,"column":21},"end":{"line":181,"column":22}},"loc":{"start":{"line":181,"column":27},"end":{"line":181,"column":46}},"line":181},"11":{"name":"(anonymous_11)","decl":{"start":{"line":191,"column":21},"end":{"line":191,"column":22}},"loc":{"start":{"line":191,"column":27},"end":{"line":191,"column":49}},"line":191},"12":{"name":"(anonymous_12)","decl":{"start":{"line":214,"column":28},"end":{"line":214,"column":29}},"loc":{"start":{"line":214,"column":35},"end":{"line":214,"column":62}},"line":214},"13":{"name":"(anonymous_13)","decl":{"start":{"line":238,"column":28},"end":{"line":238,"column":29}},"loc":{"start":{"line":238,"column":35},"end":{"line":238,"column":65}},"line":238}},"branchMap":{"0":{"loc":{"start":{"line":37,"column":4},"end":{"line":39,"column":5}},"type":"if","locations":[{"start":{"line":37,"column":4},"end":{"line":39,"column":5}},{"start":{},"end":{}}],"line":37},"1":{"loc":{"start":{"line":48,"column":6},"end":{"line":48,"column":30}},"type":"if","locations":[{"start":{"line":48,"column":6},"end":{"line":48,"column":30}},{"start":{},"end":{}}],"line":48},"2":{"loc":{"start":{"line":54,"column":8},"end":{"line":81,"column":9}},"type":"if","locations":[{"start":{"line":54,"column":8},"end":{"line":81,"column":9}},{"start":{},"end":{}}],"line":54},"3":{"loc":{"start":{"line":57,"column":10},"end":{"line":80,"column":11}},"type":"switch","locations":[{"start":{"line":58,"column":12},"end":{"line":60,"column":20}},{"start":{"line":61,"column":12},"end":{"line":63,"column":20}},{"start":{"line":64,"column":12},"end":{"line":66,"column":20}},{"start":{"line":67,"column":12},"end":{"line":69,"column":20}},{"start":{"line":70,"column":12},"end":{"line":70,"column":27}},{"start":{"line":71,"column":12},"end":{"line":73,"column":20}},{"start":{"line":74,"column":12},"end":{"line":76,"column":20}},{"start":{"line":77,"column":12},"end":{"line":79,"column":20}}],"line":57},"4":{"loc":{"start":{"line":86,"column":15},"end":{"line":86,"column":45}},"type":"binary-expr","locations":[{"start":{"line":86,"column":15},"end":{"line":86,"column":26}},{"start":{"line":86,"column":30},"end":{"line":86,"column":45}}],"line":86},"5":{"loc":{"start":{"line":87,"column":17},"end":{"line":87,"column":52}},"type":"binary-expr","locations":[{"start":{"line":87,"column":17},"end":{"line":87,"column":30}},{"start":{"line":87,"column":34},"end":{"line":87,"column":52}}],"line":87},"6":{"loc":{"start":{"line":88,"column":18},"end":{"line":88,"column":59}},"type":"binary-expr","locations":[{"start":{"line":88,"column":18},"end":{"line":88,"column":32}},{"start":{"line":88,"column":36},"end":{"line":88,"column":59}}],"line":88},"7":{"loc":{"start":{"line":89,"column":14},"end":{"line":89,"column":37}},"type":"binary-expr","locations":[{"start":{"line":89,"column":14},"end":{"line":89,"column":24}},{"start":{"line":89,"column":28},"end":{"line":89,"column":37}}],"line":89},"8":{"loc":{"start":{"line":90,"column":17},"end":{"line":90,"column":51}},"type":"binary-expr","locations":[{"start":{"line":90,"column":17},"end":{"line":90,"column":30}},{"start":{"line":90,"column":34},"end":{"line":90,"column":51}}],"line":90},"9":{"loc":{"start":{"line":91,"column":13},"end":{"line":91,"column":35}},"type":"binary-expr","locations":[{"start":{"line":91,"column":13},"end":{"line":91,"column":22}},{"start":{"line":91,"column":26},"end":{"line":91,"column":35}}],"line":91},"10":{"loc":{"start":{"line":92,"column":23},"end":{"line":92,"column":55}},"type":"binary-expr","locations":[{"start":{"line":92,"column":23},"end":{"line":92,"column":42}},{"start":{"line":92,"column":46},"end":{"line":92,"column":55}}],"line":92},"11":{"loc":{"start":{"line":105,"column":4},"end":{"line":105,"column":33}},"type":"if","locations":[{"start":{"line":105,"column":4},"end":{"line":105,"column":33}},{"start":{},"end":{}}],"line":105},"12":{"loc":{"start":{"line":114,"column":15},"end":{"line":114,"column":75}},"type":"cond-expr","locations":[{"start":{"line":114,"column":38},"end":{"line":114,"column":49}},{"start":{"line":114,"column":52},"end":{"line":114,"column":75}}],"line":114},"13":{"loc":{"start":{"line":121,"column":4},"end":{"line":121,"column":36}},"type":"if","locations":[{"start":{"line":121,"column":4},"end":{"line":121,"column":36}},{"start":{},"end":{}}],"line":121},"14":{"loc":{"start":{"line":128,"column":6},"end":{"line":134,"column":7}},"type":"if","locations":[{"start":{"line":128,"column":6},"end":{"line":134,"column":7}},{"start":{"line":130,"column":13},"end":{"line":134,"column":7}}],"line":128},"15":{"loc":{"start":{"line":136,"column":15},"end":{"line":136,"column":76}},"type":"cond-expr","locations":[{"start":{"line":136,"column":38},"end":{"line":136,"column":49}},{"start":{"line":136,"column":52},"end":{"line":136,"column":76}}],"line":136},"16":{"loc":{"start":{"line":143,"column":4},"end":{"line":146,"column":5}},"type":"if","locations":[{"start":{"line":143,"column":4},"end":{"line":146,"column":5}},{"start":{},"end":{}}],"line":143},"17":{"loc":{"start":{"line":158,"column":2},"end":{"line":158,"column":27}},"type":"if","locations":[{"start":{"line":158,"column":2},"end":{"line":158,"column":27}},{"start":{},"end":{}}],"line":158},"18":{"loc":{"start":{"line":183,"column":14},"end":{"line":185,"column":72}},"type":"cond-expr","locations":[{"start":{"line":184,"column":18},"end":{"line":184,"column":49}},{"start":{"line":185,"column":18},"end":{"line":185,"column":72}}],"line":183},"19":{"loc":{"start":{"line":193,"column":14},"end":{"line":195,"column":72}},"type":"cond-expr","locations":[{"start":{"line":194,"column":18},"end":{"line":194,"column":49}},{"start":{"line":195,"column":18},"end":{"line":195,"column":72}}],"line":193},"20":{"loc":{"start":{"line":204,"column":11},"end":{"line":227,"column":11}},"type":"binary-expr","locations":[{"start":{"line":204,"column":11},"end":{"line":204,"column":30}},{"start":{"line":205,"column":12},"end":{"line":226,"column":18}}],"line":204},"21":{"loc":{"start":{"line":221,"column":26},"end":{"line":221,"column":55}},"type":"binary-expr","locations":[{"start":{"line":221,"column":26},"end":{"line":221,"column":35}},{"start":{"line":221,"column":39},"end":{"line":221,"column":55}}],"line":221},"22":{"loc":{"start":{"line":224,"column":17},"end":{"line":224,"column":58}},"type":"cond-expr","locations":[{"start":{"line":224,"column":29},"end":{"line":224,"column":42}},{"start":{"line":224,"column":45},"end":{"line":224,"column":58}}],"line":224},"23":{"loc":{"start":{"line":229,"column":11},"end":{"line":258,"column":11}},"type":"binary-expr","locations":[{"start":{"line":229,"column":11},"end":{"line":229,"column":33}},{"start":{"line":230,"column":12},"end":{"line":257,"column":18}}],"line":229},"24":{"loc":{"start":{"line":252,"column":26},"end":{"line":252,"column":58}},"type":"binary-expr","locations":[{"start":{"line":252,"column":26},"end":{"line":252,"column":35}},{"start":{"line":252,"column":39},"end":{"line":252,"column":58}}],"line":252},"25":{"loc":{"start":{"line":255,"column":17},"end":{"line":255,"column":58}},"type":"cond-expr","locations":[{"start":{"line":255,"column":29},"end":{"line":255,"column":41}},{"start":{"line":255,"column":44},"end":{"line":255,"column":58}}],"line":255},"26":{"loc":{"start":{"line":261,"column":11},"end":{"line":265,"column":11}},"type":"binary-expr","locations":[{"start":{"line":261,"column":11},"end":{"line":261,"column":16}},{"start":{"line":262,"column":12},"end":{"line":264,"column":18}}],"line":261},"27":{"loc":{"start":{"line":268,"column":11},"end":{"line":283,"column":11}},"type":"binary-expr","locations":[{"start":{"line":268,"column":11},"end":{"line":268,"column":23}},{"start":{"line":269,"column":12},"end":{"line":282,"column":18}}],"line":268},"28":{"loc":{"start":{"line":276,"column":17},"end":{"line":276,"column":84}},"type":"binary-expr","locations":[{"start":{"line":276,"column":17},"end":{"line":276,"column":33}},{"start":{"line":276,"column":37},"end":{"line":276,"column":84}}],"line":276},"29":{"loc":{"start":{"line":277,"column":17},"end":{"line":279,"column":17}},"type":"binary-expr","locations":[{"start":{"line":277,"column":17},"end":{"line":277,"column":43}},{"start":{"line":278,"column":18},"end":{"line":278,"column":187}}],"line":277},"30":{"loc":{"start":{"line":287,"column":9},"end":{"line":302,"column":9}},"type":"binary-expr","locations":[{"start":{"line":287,"column":9},"end":{"line":287,"column":21}},{"start":{"line":288,"column":10},"end":{"line":301,"column":16}}],"line":287}},"s":{"0":0,"1":0,"2":0,"3":0,"4":0,"5":0,"6":0,"7":0,"8":0,"9":0,"10":0,"11":0,"12":0,"13":0,"14":0,"15":0,"16":0,"17":0,"18":0,"19":0,"20":0,"21":0,"22":0,"23":0,"24":0,"25":0,"26":0,"27":0,"28":0,"29":0,"30":0,"31":0,"32":0,"33":0,"34":0,"35":0,"36":0,"37":0,"38":0,"39":0,"40":0,"41":0,"42":0,"43":0,"44":0,"45":0,"46":0,"47":0,"48":0,"49":0,"50":0,"51":0,"52":0,"53":0,"54":0,"55":0,"56":0,"57":0,"58":0,"59":0,"60":0,"61":0,"62":0,"63":0,"64":0,"65":0,"66":0,"67":0,"68":0,"69":0,"70":0,"71":0,"72":0,"73":0,"74":0,"75":0,"76":0,"77":0,"78":0,"79":0,"80":0,"81":0,"82":0,"83":0,"84":0,"85":0,"86":0,"87":0},"f":{"0":0,"1":0,"2":0,"3":0,"4":0,"5":0,"6":0,"7":0,"8":0,"9":0,"10":0,"11":0,"12":0,"13":0},"b":{"0":[0,0],"1":[0,0],"2":[0,0],"3":[0,0,0,0,0,0,0,0],"4":[0,0],"5":[0,0],"6":[0,0],"7":[0,0],"8":[0,0],"9":[0,0],"10":[0,0],"11":[0,0],"12":[0,0],"13":[0,0],"14":[0,0],"15":[0,0],"16":[0,0],"17":[0,0],"18":[0,0],"19":[0,0],"20":[0,0],"21":[0,0],"22":[0,0],"23":[0,0],"24":[0,0],"25":[0,0],"26":[0,0],"27":[0,0],"28":[0,0],"29":[0,0],"30":[0,0]}}
,"/Users/tristonmiller/Desktop/SwiftBarPlugins1/OpenScholar/frontend/src/components/AuthModal.tsx": {"path":"/Users/tristonmiller/Desktop/SwiftBarPlugins1/OpenScholar/frontend/src/components/AuthModal.tsx","statementMap":{"0":{"start":{"line":12,"column":44},"end":{"line":271,"column":1}},"1":{"start":{"line":17,"column":26},"end":{"line":17,"column":69}},"2":{"start":{"line":18,"column":34},"end":{"line":25,"column":4}},"3":{"start":{"line":26,"column":36},"end":{"line":26,"column":51}},"4":{"start":{"line":28,"column":30},"end":{"line":28,"column":39}},"5":{"start":{"line":29,"column":26},"end":{"line":29,"column":43}},"6":{"start":{"line":31,"column":20},"end":{"line":40,"column":3}},"7":{"start":{"line":32,"column":4},"end":{"line":39,"column":7}},"8":{"start":{"line":42,"column":22},"end":{"line":45,"column":3}},"9":{"start":{"line":43,"column":4},"end":{"line":43,"column":16}},"10":{"start":{"line":44,"column":4},"end":{"line":44,"column":14}},"11":{"start":{"line":47,"column":23},"end":{"line":81,"column":3}},"12":{"start":{"line":48,"column":4},"end":{"line":48,"column":23}},"13":{"start":{"line":49,"column":4},"end":{"line":49,"column":23}},"14":{"start":{"line":51,"column":4},"end":{"line":80,"column":5}},"15":{"start":{"line":52,"column":6},"end":{"line":73,"column":7}},"16":{"start":{"line":53,"column":8},"end":{"line":53,"column":55}},"17":{"start":{"line":56,"column":8},"end":{"line":58,"column":9}},"18":{"start":{"line":57,"column":10},"end":{"line":57,"column":52}},"19":{"start":{"line":59,"column":8},"end":{"line":61,"column":9}},"20":{"start":{"line":60,"column":10},"end":{"line":60,"column":68}},"21":{"start":{"line":62,"column":8},"end":{"line":64,"column":9}},"22":{"start":{"line":63,"column":10},"end":{"line":63,"column":46}},"23":{"start":{"line":66,"column":8},"end":{"line":72,"column":11}},"24":{"start":{"line":75,"column":6},"end":{"line":75,"column":20}},"25":{"start":{"line":77,"column":6},"end":{"line":77,"column":39}},"26":{"start":{"line":79,"column":6},"end":{"line":79,"column":26}},"27":{"start":{"line":83,"column":28},"end":{"line":86,"column":3}},"28":{"start":{"line":84,"column":28},"end":{"line":84,"column":36}},"29":{"start":{"line":85,"column":4},"end":{"line":85,"column":54}},"30":{"start":{"line":85,"column":25},"end":{"line":85,"column":51}},"31":{"start":{"line":88,"column":2},"end":{"line":88,"column":27}},"32":{"start":{"line":88,"column":15},"end":{"line":88,"column":27}},"33":{"start":{"line":90,"column":2},"end":{"line":270,"column":4}},"34":{"start":{"line":258,"column":18},"end":{"line":258,"column":67}},"35":{"start":{"line":259,"column":18},"end":{"line":259,"column":30}}},"fnMap":{"0":{"name":"(anonymous_0)","decl":{"start":{"line":12,"column":44},"end":{"line":12,"column":45}},"loc":{"start":{"line":16,"column":6},"end":{"line":271,"column":1}},"line":16},"1":{"name":"(anonymous_1)","decl":{"start":{"line":31,"column":20},"end":{"line":31,"column":21}},"loc":{"start":{"line":31,"column":26},"end":{"line":40,"column":3}},"line":31},"2":{"name":"(anonymous_2)","decl":{"start":{"line":42,"column":22},"end":{"line":42,"column":23}},"loc":{"start":{"line":42,"column":28},"end":{"line":45,"column":3}},"line":42},"3":{"name":"(anonymous_3)","decl":{"start":{"line":47,"column":23},"end":{"line":47,"column":24}},"loc":{"start":{"line":47,"column":53},"end":{"line":81,"column":3}},"line":47},"4":{"name":"(anonymous_4)","decl":{"start":{"line":83,"column":28},"end":{"line":83,"column":29}},"loc":{"start":{"line":83,"column":92},"end":{"line":86,"column":3}},"line":83},"5":{"name":"(anonymous_5)","decl":{"start":{"line":85,"column":16},"end":{"line":85,"column":17}},"loc":{"start":{"line":85,"column":25},"end":{"line":85,"column":51}},"line":85},"6":{"name":"(anonymous_6)","decl":{"start":{"line":257,"column":25},"end":{"line":257,"column":26}},"loc":{"start":{"line":257,"column":31},"end":{"line":260,"column":17}},"line":257}},"branchMap":{"0":{"loc":{"start":{"line":15,"column":2},"end":{"line":15,"column":23}},"type":"default-arg","locations":[{"start":{"line":15,"column":16},"end":{"line":15,"column":23}}],"line":15},"1":{"loc":{"start":{"line":52,"column":6},"end":{"line":73,"column":7}},"type":"if","locations":[{"start":{"line":52,"column":6},"end":{"line":73,"column":7}},{"start":{"line":54,"column":13},"end":{"line":73,"column":7}}],"line":52},"2":{"loc":{"start":{"line":56,"column":8},"end":{"line":58,"column":9}},"type":"if","locations":[{"start":{"line":56,"column":8},"end":{"line":58,"column":9}},{"start":{},"end":{}}],"line":56},"3":{"loc":{"start":{"line":59,"column":8},"end":{"line":61,"column":9}},"type":"if","locations":[{"start":{"line":59,"column":8},"end":{"line":61,"column":9}},{"start":{},"end":{}}],"line":59},"4":{"loc":{"start":{"line":62,"column":8},"end":{"line":64,"column":9}},"type":"if","locations":[{"start":{"line":62,"column":8},"end":{"line":64,"column":9}},{"start":{},"end":{}}],"line":62},"5":{"loc":{"start":{"line":88,"column":2},"end":{"line":88,"column":27}},"type":"if","locations":[{"start":{"line":88,"column":2},"end":{"line":88,"column":27}},{"start":{},"end":{}}],"line":88},"6":{"loc":{"start":{"line":96,"column":13},"end":{"line":96,"column":60}},"type":"cond-expr","locations":[{"start":{"line":96,"column":32},"end":{"line":96,"column":41}},{"start":{"line":96,"column":44},"end":{"line":96,"column":60}}],"line":96},"7":{"loc":{"start":{"line":110,"column":11},"end":{"line":118,"column":11}},"type":"binary-expr","locations":[{"start":{"line":110,"column":11},"end":{"line":110,"column":27}},{"start":{"line":111,"column":12},"end":{"line":117,"column":18}}],"line":110},"8":{"loc":{"start":{"line":139,"column":13},"end":{"line":155,"column":13}},"type":"binary-expr","locations":[{"start":{"line":139,"column":13},"end":{"line":139,"column":32}},{"start":{"line":140,"column":14},"end":{"line":154,"column":20}}],"line":139},"9":{"loc":{"start":{"line":158,"column":13},"end":{"line":173,"column":13}},"type":"binary-expr","locations":[{"start":{"line":158,"column":13},"end":{"line":158,"column":32}},{"start":{"line":159,"column":14},"end":{"line":172,"column":20}}],"line":158},"10":{"loc":{"start":{"line":176,"column":13},"end":{"line":193,"column":13}},"type":"binary-expr","locations":[{"start":{"line":176,"column":13},"end":{"line":176,"column":32}},{"start":{"line":177,"column":14},"end":{"line":192,"column":20}}],"line":176},"11":{"loc":{"start":{"line":209,"column":27},"end":{"line":209,"column":62}},"type":"cond-expr","locations":[{"start":{"line":209,"column":49},"end":{"line":209,"column":50}},{"start":{"line":209,"column":53},"end":{"line":209,"column":62}}],"line":209},"12":{"loc":{"start":{"line":214,"column":13},"end":{"line":230,"column":13}},"type":"binary-expr","locations":[{"start":{"line":214,"column":13},"end":{"line":214,"column":32}},{"start":{"line":215,"column":14},"end":{"line":229,"column":20}}],"line":214},"13":{"loc":{"start":{"line":238,"column":15},"end":{"line":248,"column":15}},"type":"cond-expr","locations":[{"start":{"line":239,"column":16},"end":{"line":245,"column":22}},{"start":{"line":247,"column":16},"end":{"line":247,"column":63}}],"line":238},"14":{"loc":{"start":{"line":244,"column":19},"end":{"line":244,"column":77}},"type":"cond-expr","locations":[{"start":{"line":244,"column":38},"end":{"line":244,"column":53}},{"start":{"line":244,"column":56},"end":{"line":244,"column":77}}],"line":244},"15":{"loc":{"start":{"line":247,"column":16},"end":{"line":247,"column":63}},"type":"cond-expr","locations":[{"start":{"line":247,"column":35},"end":{"line":247,"column":44}},{"start":{"line":247,"column":47},"end":{"line":247,"column":63}}],"line":247},"16":{"loc":{"start":{"line":255,"column":15},"end":{"line":255,"column":87}},"type":"cond-expr","locations":[{"start":{"line":255,"column":34},"end":{"line":255,"column":58}},{"start":{"line":255,"column":61},"end":{"line":255,"column":87}}],"line":255},"17":{"loc":{"start":{"line":258,"column":26},"end":{"line":258,"column":65}},"type":"cond-expr","locations":[{"start":{"line":258,"column":45},"end":{"line":258,"column":55}},{"start":{"line":258,"column":58},"end":{"line":258,"column":65}}],"line":258},"18":{"loc":{"start":{"line":263,"column":17},"end":{"line":263,"column":57}},"type":"cond-expr","locations":[{"start":{"line":263,"column":36},"end":{"line":263,"column":45}},{"start":{"line":263,"column":48},"end":{"line":263,"column":57}}],"line":263}},"s":{"0":0,"1":0,"2":0,"3":0,"4":0,"5":0,"6":0,"7":0,"8":0,"9":0,"10":0,"11":0,"12":0,"13":0,"14":0,"15":0,"16":0,"17":0,"18":0,"19":0,"20":0,"21":0,"22":0,"23":0,"24":0,"25":0,"26":0,"27":0,"28":0,"29":0,"30":0,"31":0,"32":0,"33":0,"34":0,"35":0},"f":{"0":0,"1":0,"2":0,"3":0,"4":0,"5":0,"6":0},"b":{"0":[0],"1":[0,0],"2":[0,0],"3":[0,0],"4":[0,0],"5":[0,0],"6":[0,0],"7":[0,0],"8":[0,0],"9":[0,0],"10":[0,0],"11":[0,0],"12":[0,0],"13":[0,0],"14":[0,0],"15":[0,0],"16":[0,0],"17":[0,0],"18":[0,0]}}
,"/Users/tristonmiller/Desktop/SwiftBarPlugins1/OpenScholar/frontend/src/components/CollectionSelector.tsx": {"path":"/Users/tristonmiller/Desktop/SwiftBarPlugins1/OpenScholar/frontend/src/components/CollectionSelector.tsx","statementMap":{"0":{"start":{"line":17,"column":62},"end":{"line":393,"column":1}},"1":{"start":{"line":26,"column":40},"end":{"line":26,"column":66}},"2":{"start":{"line":27,"column":48},"end":{"line":27,"column":63}},"3":{"start":{"line":28,"column":38},"end":{"line":28,"column":50}},"4":{"start":{"line":29,"column":56},"end":{"line":29,"column":71}},"5":{"start":{"line":30,"column":58},"end":{"line":30,"column":78}},"6":{"start":{"line":31,"column":26},"end":{"line":31,"column":48}},"7":{"start":{"line":32,"column":28},"end":{"line":32,"column":40}},"8":{"start":{"line":33,"column":30},"end":{"line":33,"column":42}},"9":{"start":{"line":34,"column":44},"end":{"line":34,"column":66}},"10":{"start":{"line":35,"column":54},"end":{"line":35,"column":69}},"11":{"start":{"line":36,"column":50},"end":{"line":36,"column":89}},"12":{"start":{"line":38,"column":2},"end":{"line":43,"column":15}},"13":{"start":{"line":39,"column":4},"end":{"line":42,"column":5}},"14":{"start":{"line":40,"column":6},"end":{"line":40,"column":24}},"15":{"start":{"line":41,"column":6},"end":{"line":41,"column":37}},"16":{"start":{"line":45,"column":2},"end":{"line":52,"column":9}},"17":{"start":{"line":46,"column":36},"end":{"line":48,"column":5}},"18":{"start":{"line":47,"column":6},"end":{"line":47,"column":24}},"19":{"start":{"line":50,"column":4},"end":{"line":50,"column":75}},"20":{"start":{"line":51,"column":4},"end":{"line":51,"column":91}},"21":{"start":{"line":51,"column":17},"end":{"line":51,"column":90}},"22":{"start":{"line":54,"column":26},"end":{"line":56,"column":3}},"23":{"start":{"line":55,"column":4},"end":{"line":55,"column":37}},"24":{"start":{"line":58,"column":33},"end":{"line":63,"column":3}},"25":{"start":{"line":59,"column":26},"end":{"line":59,"column":68}},"26":{"start":{"line":60,"column":4},"end":{"line":60,"column":22}},"27":{"start":{"line":62,"column":4},"end":{"line":62,"column":60}},"28":{"start":{"line":65,"column":33},"end":{"line":77,"column":3}},"29":{"start":{"line":66,"column":4},"end":{"line":75,"column":5}},"30":{"start":{"line":68,"column":6},"end":{"line":68,"column":44}},"31":{"start":{"line":69,"column":6},"end":{"line":69,"column":18}},"32":{"start":{"line":70,"column":6},"end":{"line":70,"column":19}},"33":{"start":{"line":71,"column":6},"end":{"line":71,"column":37}},"34":{"start":{"line":72,"column":6},"end":{"line":72,"column":35}},"35":{"start":{"line":74,"column":6},"end":{"line":74,"column":43}},"36":{"start":{"line":76,"column":4},"end":{"line":76,"column":22}},"37":{"start":{"line":79,"column":37},"end":{"line":86,"column":3}},"38":{"start":{"line":80,"column":4},"end":{"line":80,"column":76}},"39":{"start":{"line":81,"column":4},"end":{"line":81,"column":34}},"40":{"start":{"line":82,"column":4},"end":{"line":82,"column":32}},"41":{"start":{"line":83,"column":4},"end":{"line":83,"column":16}},"42":{"start":{"line":84,"column":4},"end":{"line":84,"column":17}},"43":{"start":{"line":85,"column":4},"end":{"line":85,"column":35}},"44":{"start":{"line":88,"column":23},"end":{"line":93,"column":3}},"45":{"start":{"line":89,"column":4},"end":{"line":91,"column":5}},"46":{"start":{"line":90,"column":6},"end":{"line":90,"column":30}},"47":{"start":{"line":92,"column":4},"end":{"line":92,"column":18}},"48":{"start":{"line":95,"column":26},"end":{"line":97,"column":3}},"49":{"start":{"line":96,"column":4},"end":{"line":96,"column":53}},"50":{"start":{"line":96,"column":31},"end":{"line":96,"column":50}},"51":{"start":{"line":99,"column":30},"end":{"line":102,"column":3}},"52":{"start":{"line":100,"column":4},"end":{"line":101,"column":103}},"53":{"start":{"line":104,"column":2},"end":{"line":104,"column":27}},"54":{"start":{"line":104,"column":15},"end":{"line":104,"column":27}},"55":{"start":{"line":106,"column":2},"end":{"line":392,"column":4}},"56":{"start":{"line":138,"column":35},"end":{"line":138,"column":64}},"57":{"start":{"line":146,"column":31},"end":{"line":146,"column":55}},"58":{"start":{"line":166,"column":41},"end":{"line":166,"column":95}},"59":{"start":{"line":168,"column":18},"end":{"line":207,"column":20}},"60":{"start":{"line":171,"column":37},"end":{"line":171,"column":74}},"61":{"start":{"line":219,"column":70},"end":{"line":219,"column":102}},"62":{"start":{"line":236,"column":23},"end":{"line":236,"column":48}},"63":{"start":{"line":250,"column":31},"end":{"line":250,"column":60}},"64":{"start":{"line":273,"column":37},"end":{"line":273,"column":62}},"65":{"start":{"line":275,"column":22},"end":{"line":278,"column":23}},"66":{"start":{"line":276,"column":24},"end":{"line":276,"column":43}},"67":{"start":{"line":277,"column":24},"end":{"line":277,"column":45}},"68":{"start":{"line":283,"column":35},"end":{"line":283,"column":55}},"69":{"start":{"line":297,"column":24},"end":{"line":304,"column":33}},"70":{"start":{"line":299,"column":41},"end":{"line":299,"column":58}},"71":{"start":{"line":314,"column":22},"end":{"line":325,"column":29}},"72":{"start":{"line":320,"column":41},"end":{"line":320,"column":61}},"73":{"start":{"line":337,"column":33},"end":{"line":337,"column":60}},"74":{"start":{"line":357,"column":35},"end":{"line":357,"column":59}},"75":{"start":{"line":367,"column":31},"end":{"line":367,"column":60}},"76":{"start":{"line":386,"column":23},"end":{"line":386,"column":51}},"77":{"start":{"line":389,"column":38},"end":{"line":389,"column":67}}},"fnMap":{"0":{"name":"(anonymous_0)","decl":{"start":{"line":17,"column":62},"end":{"line":17,"column":63}},"loc":{"start":{"line":25,"column":6},"end":{"line":393,"column":1}},"line":25},"1":{"name":"(anonymous_1)","decl":{"start":{"line":38,"column":12},"end":{"line":38,"column":13}},"loc":{"start":{"line":38,"column":18},"end":{"line":43,"column":3}},"line":38},"2":{"name":"(anonymous_2)","decl":{"start":{"line":45,"column":12},"end":{"line":45,"column":13}},"loc":{"start":{"line":45,"column":18},"end":{"line":52,"column":3}},"line":45},"3":{"name":"(anonymous_3)","decl":{"start":{"line":46,"column":36},"end":{"line":46,"column":37}},"loc":{"start":{"line":46,"column":42},"end":{"line":48,"column":5}},"line":46},"4":{"name":"(anonymous_4)","decl":{"start":{"line":51,"column":11},"end":{"line":51,"column":12}},"loc":{"start":{"line":51,"column":17},"end":{"line":51,"column":90}},"line":51},"5":{"name":"(anonymous_5)","decl":{"start":{"line":54,"column":26},"end":{"line":54,"column":27}},"loc":{"start":{"line":54,"column":32},"end":{"line":56,"column":3}},"line":54},"6":{"name":"(anonymous_6)","decl":{"start":{"line":58,"column":33},"end":{"line":58,"column":34}},"loc":{"start":{"line":58,"column":89},"end":{"line":63,"column":3}},"line":58},"7":{"name":"(anonymous_7)","decl":{"start":{"line":65,"column":33},"end":{"line":65,"column":34}},"loc":{"start":{"line":65,"column":59},"end":{"line":77,"column":3}},"line":65},"8":{"name":"(anonymous_8)","decl":{"start":{"line":79,"column":37},"end":{"line":79,"column":38}},"loc":{"start":{"line":79,"column":43},"end":{"line":86,"column":3}},"line":79},"9":{"name":"(anonymous_9)","decl":{"start":{"line":88,"column":23},"end":{"line":88,"column":24}},"loc":{"start":{"line":88,"column":40},"end":{"line":93,"column":3}},"line":88},"10":{"name":"(anonymous_10)","decl":{"start":{"line":95,"column":26},"end":{"line":95,"column":27}},"loc":{"start":{"line":95,"column":51},"end":{"line":97,"column":3}},"line":95},"11":{"name":"(anonymous_11)","decl":{"start":{"line":96,"column":24},"end":{"line":96,"column":25}},"loc":{"start":{"line":96,"column":31},"end":{"line":96,"column":50}},"line":96},"12":{"name":"(anonymous_12)","decl":{"start":{"line":99,"column":49},"end":{"line":99,"column":50}},"loc":{"start":{"line":100,"column":4},"end":{"line":101,"column":103}},"line":100},"13":{"name":"(anonymous_13)","decl":{"start":{"line":138,"column":28},"end":{"line":138,"column":29}},"loc":{"start":{"line":138,"column":35},"end":{"line":138,"column":64}},"line":138},"14":{"name":"(anonymous_14)","decl":{"start":{"line":146,"column":25},"end":{"line":146,"column":26}},"loc":{"start":{"line":146,"column":31},"end":{"line":146,"column":55}},"line":146},"15":{"name":"(anonymous_15)","decl":{"start":{"line":165,"column":41},"end":{"line":165,"column":42}},"loc":{"start":{"line":165,"column":57},"end":{"line":208,"column":17}},"line":165},"16":{"name":"(anonymous_16)","decl":{"start":{"line":171,"column":31},"end":{"line":171,"column":32}},"loc":{"start":{"line":171,"column":37},"end":{"line":171,"column":74}},"line":171},"17":{"name":"(anonymous_17)","decl":{"start":{"line":219,"column":65},"end":{"line":219,"column":66}},"loc":{"start":{"line":219,"column":70},"end":{"line":219,"column":102}},"line":219},"18":{"name":"(anonymous_18)","decl":{"start":{"line":236,"column":17},"end":{"line":236,"column":18}},"loc":{"start":{"line":236,"column":23},"end":{"line":236,"column":48}},"line":236},"19":{"name":"(anonymous_19)","decl":{"start":{"line":250,"column":25},"end":{"line":250,"column":26}},"loc":{"start":{"line":250,"column":31},"end":{"line":250,"column":60}},"line":250},"20":{"name":"(anonymous_20)","decl":{"start":{"line":273,"column":30},"end":{"line":273,"column":31}},"loc":{"start":{"line":273,"column":37},"end":{"line":273,"column":62}},"line":273},"21":{"name":"(anonymous_21)","decl":{"start":{"line":274,"column":32},"end":{"line":274,"column":33}},"loc":{"start":{"line":274,"column":39},"end":{"line":279,"column":21}},"line":274},"22":{"name":"(anonymous_22)","decl":{"start":{"line":283,"column":29},"end":{"line":283,"column":30}},"loc":{"start":{"line":283,"column":35},"end":{"line":283,"column":55}},"line":283},"23":{"name":"(anonymous_23)","decl":{"start":{"line":296,"column":54},"end":{"line":296,"column":55}},"loc":{"start":{"line":297,"column":24},"end":{"line":304,"column":33}},"line":297},"24":{"name":"(anonymous_24)","decl":{"start":{"line":299,"column":35},"end":{"line":299,"column":36}},"loc":{"start":{"line":299,"column":41},"end":{"line":299,"column":58}},"line":299},"25":{"name":"(anonymous_25)","decl":{"start":{"line":313,"column":30},"end":{"line":313,"column":31}},"loc":{"start":{"line":314,"column":22},"end":{"line":325,"column":29}},"line":314},"26":{"name":"(anonymous_26)","decl":{"start":{"line":320,"column":35},"end":{"line":320,"column":36}},"loc":{"start":{"line":320,"column":41},"end":{"line":320,"column":61}},"line":320},"27":{"name":"(anonymous_27)","decl":{"start":{"line":337,"column":27},"end":{"line":337,"column":28}},"loc":{"start":{"line":337,"column":33},"end":{"line":337,"column":60}},"line":337},"28":{"name":"(anonymous_28)","decl":{"start":{"line":357,"column":28},"end":{"line":357,"column":29}},"loc":{"start":{"line":357,"column":35},"end":{"line":357,"column":59}},"line":357},"29":{"name":"(anonymous_29)","decl":{"start":{"line":367,"column":25},"end":{"line":367,"column":26}},"loc":{"start":{"line":367,"column":31},"end":{"line":367,"column":60}},"line":367},"30":{"name":"(anonymous_30)","decl":{"start":{"line":386,"column":17},"end":{"line":386,"column":18}},"loc":{"start":{"line":386,"column":23},"end":{"line":386,"column":51}},"line":386},"31":{"name":"(anonymous_31)","decl":{"start":{"line":389,"column":24},"end":{"line":389,"column":25}},"loc":{"start":{"line":389,"column":38},"end":{"line":389,"column":67}},"line":389}},"branchMap":{"0":{"loc":{"start":{"line":23,"column":2},"end":{"line":23,"column":18}},"type":"default-arg","locations":[{"start":{"line":23,"column":13},"end":{"line":23,"column":18}}],"line":23},"1":{"loc":{"start":{"line":24,"column":2},"end":{"line":24,"column":15}},"type":"default-arg","locations":[{"start":{"line":24,"column":14},"end":{"line":24,"column":15}}],"line":24},"2":{"loc":{"start":{"line":39,"column":4},"end":{"line":42,"column":5}},"type":"if","locations":[{"start":{"line":39,"column":4},"end":{"line":42,"column":5}},{"start":{},"end":{}}],"line":39},"3":{"loc":{"start":{"line":66,"column":4},"end":{"line":75,"column":5}},"type":"if","locations":[{"start":{"line":66,"column":4},"end":{"line":75,"column":5}},{"start":{"line":73,"column":11},"end":{"line":75,"column":5}}],"line":66},"4":{"loc":{"start":{"line":66,"column":8},"end":{"line":66,"column":61}},"type":"binary-expr","locations":[{"start":{"line":66,"column":8},"end":{"line":66,"column":16}},{"start":{"line":66,"column":20},"end":{"line":66,"column":61}}],"line":66},"5":{"loc":{"start":{"line":89,"column":4},"end":{"line":91,"column":5}},"type":"if","locations":[{"start":{"line":89,"column":4},"end":{"line":91,"column":5}},{"start":{},"end":{}}],"line":89},"6":{"loc":{"start":{"line":89,"column":8},"end":{"line":89,"column":34}},"type":"binary-expr","locations":[{"start":{"line":89,"column":8},"end":{"line":89,"column":11}},{"start":{"line":89,"column":15},"end":{"line":89,"column":34}}],"line":89},"7":{"loc":{"start":{"line":100,"column":4},"end":{"line":101,"column":103}},"type":"binary-expr","locations":[{"start":{"line":100,"column":4},"end":{"line":100,"column":68}},{"start":{"line":101,"column":5},"end":{"line":101,"column":27}},{"start":{"line":101,"column":31},"end":{"line":101,"column":102}}],"line":100},"8":{"loc":{"start":{"line":104,"column":2},"end":{"line":104,"column":27}},"type":"if","locations":[{"start":{"line":104,"column":2},"end":{"line":104,"column":27}},{"start":{},"end":{}}],"line":104},"9":{"loc":{"start":{"line":114,"column":17},"end":{"line":114,"column":90}},"type":"cond-expr","locations":[{"start":{"line":114,"column":28},"end":{"line":114,"column":67}},{"start":{"line":114,"column":70},"end":{"line":114,"column":90}}],"line":114},"10":{"loc":{"start":{"line":117,"column":17},"end":{"line":117,"column":72}},"type":"cond-expr","locations":[{"start":{"line":117,"column":28},"end":{"line":117,"column":58}},{"start":{"line":117,"column":61},"end":{"line":117,"column":72}}],"line":117},"11":{"loc":{"start":{"line":156,"column":13},"end":{"line":210,"column":13}},"type":"cond-expr","locations":[{"start":{"line":157,"column":14},"end":{"line":162,"column":20}},{"start":{"line":164,"column":14},"end":{"line":209,"column":20}}],"line":156},"12":{"loc":{"start":{"line":161,"column":17},"end":{"line":161,"column":87}},"type":"cond-expr","locations":[{"start":{"line":161,"column":30},"end":{"line":161,"column":64}},{"start":{"line":161,"column":67},"end":{"line":161,"column":87}}],"line":161},"13":{"loc":{"start":{"line":166,"column":41},"end":{"line":166,"column":95}},"type":"binary-expr","locations":[{"start":{"line":166,"column":41},"end":{"line":166,"column":50}},{"start":{"line":166,"column":54},"end":{"line":166,"column":95}}],"line":166},"14":{"loc":{"start":{"line":173,"column":24},"end":{"line":175,"column":84}},"type":"cond-expr","locations":[{"start":{"line":174,"column":28},"end":{"line":174,"column":77}},{"start":{"line":175,"column":28},"end":{"line":175,"column":84}}],"line":173},"15":{"loc":{"start":{"line":192,"column":31},"end":{"line":196,"column":31}},"type":"binary-expr","locations":[{"start":{"line":192,"column":31},"end":{"line":192,"column":45}},{"start":{"line":193,"column":32},"end":{"line":195,"column":38}}],"line":192},"16":{"loc":{"start":{"line":198,"column":29},"end":{"line":202,"column":29}},"type":"binary-expr","locations":[{"start":{"line":198,"column":29},"end":{"line":198,"column":51}},{"start":{"line":199,"column":30},"end":{"line":201,"column":34}}],"line":198},"17":{"loc":{"start":{"line":217,"column":17},"end":{"line":219,"column":126}},"type":"cond-expr","locations":[{"start":{"line":218,"column":20},"end":{"line":218,"column":77}},{"start":{"line":219,"column":20},"end":{"line":219,"column":126}}],"line":217},"18":{"loc":{"start":{"line":226,"column":17},"end":{"line":226,"column":45}},"type":"cond-expr","locations":[{"start":{"line":226,"column":28},"end":{"line":226,"column":36}},{"start":{"line":226,"column":39},"end":{"line":226,"column":45}}],"line":226},"19":{"loc":{"start":{"line":241,"column":7},"end":{"line":381,"column":7}},"type":"binary-expr","locations":[{"start":{"line":241,"column":7},"end":{"line":241,"column":26}},{"start":{"line":242,"column":8},"end":{"line":380,"column":14}}],"line":241},"20":{"loc":{"start":{"line":275,"column":22},"end":{"line":278,"column":23}},"type":"if","locations":[{"start":{"line":275,"column":22},"end":{"line":278,"column":23}},{"start":{},"end":{}}],"line":275},"21":{"loc":{"start":{"line":284,"column":30},"end":{"line":284,"column":62}},"type":"binary-expr","locations":[{"start":{"line":284,"column":30},"end":{"line":284,"column":37}},{"start":{"line":284,"column":41},"end":{"line":284,"column":62}}],"line":284},"22":{"loc":{"start":{"line":292,"column":17},"end":{"line":308,"column":17}},"type":"binary-expr","locations":[{"start":{"line":292,"column":17},"end":{"line":292,"column":41}},{"start":{"line":293,"column":18},"end":{"line":307,"column":24}}],"line":292},"23":{"loc":{"start":{"line":311,"column":17},"end":{"line":328,"column":17}},"type":"binary-expr","locations":[{"start":{"line":311,"column":17},"end":{"line":311,"column":32}},{"start":{"line":312,"column":18},"end":{"line":327,"column":24}}],"line":311},"24":{"loc":{"start":{"line":340,"column":19},"end":{"line":344,"column":19}},"type":"cond-expr","locations":[{"start":{"line":341,"column":20},"end":{"line":341,"column":77}},{"start":{"line":343,"column":20},"end":{"line":343,"column":83}}],"line":340},"25":{"loc":{"start":{"line":376,"column":17},"end":{"line":376,"column":76}},"type":"cond-expr","locations":[{"start":{"line":376,"column":28},"end":{"line":376,"column":53}},{"start":{"line":376,"column":56},"end":{"line":376,"column":76}}],"line":376}},"s":{"0":0,"1":0,"2":0,"3":0,"4":0,"5":0,"6":0,"7":0,"8":0,"9":0,"10":0,"11":0,"12":0,"13":0,"14":0,"15":0,"16":0,"17":0,"18":0,"19":0,"20":0,"21":0,"22":0,"23":0,"24":0,"25":0,"26":0,"27":0,"28":0,"29":0,"30":0,"31":0,"32":0,"33":0,"34":0,"35":0,"36":0,"37":0,"38":0,"39":0,"40":0,"41":0,"42":0,"43":0,"44":0,"45":0,"46":0,"47":0,"48":0,"49":0,"50":0,"51":0,"52":0,"53":0,"54":0,"55":0,"56":0,"57":0,"58":0,"59":0,"60":0,"61":0,"62":0,"63":0,"64":0,"65":0,"66":0,"67":0,"68":0,"69":0,"70":0,"71":0,"72":0,"73":0,"74":0,"75":0,"76":0,"77":0},"f":{"0":0,"1":0,"2":0,"3":0,"4":0,"5":0,"6":0,"7":0,"8":0,"9":0,"10":0,"11":0,"12":0,"13":0,"14":0,"15":0,"16":0,"17":0,"18":0,"19":0,"20":0,"21":0,"22":0,"23":0,"24":0,"25":0,"26":0,"27":0,"28":0,"29":0,"30":0,"31":0},"b":{"0":[0],"1":[0],"2":[0,0],"3":[0,0],"4":[0,0],"5":[0,0],"6":[0,0],"7":[0,0,0],"8":[0,0],"9":[0,0],"10":[0,0],"11":[0,0],"12":[0,0],"13":[0,0],"14":[0,0],"15":[0,0],"16":[0,0],"17":[0,0],"18":[0,0],"19":[0,0],"20":[0,0],"21":[0,0],"22":[0,0],"23":[0,0],"24":[0,0],"25":[0,0]}}
,"/Users/tristonmiller/Desktop/SwiftBarPlugins1/OpenScholar/frontend/src/components/CollectionsOverview.tsx": {"path":"/Users/tristonmiller/Desktop/SwiftBarPlugins1/OpenScholar/frontend/src/components/CollectionsOverview.tsx","statementMap":{"0":{"start":{"line":12,"column":64},"end":{"line":928,"column":1}},"1":{"start":{"line":13,"column":40},"end":{"line":13,"column":59}},"2":{"start":{"line":14,"column":54},"end":{"line":14,"column":83}},"3":{"start":{"line":15,"column":48},"end":{"line":15,"column":63}},"4":{"start":{"line":16,"column":46},"end":{"line":16,"column":75}},"5":{"start":{"line":17,"column":52},"end":{"line":17,"column":81}},"6":{"start":{"line":18,"column":34},"end":{"line":18,"column":46}},"7":{"start":{"line":19,"column":48},"end":{"line":19,"column":60}},"8":{"start":{"line":20,"column":42},"end":{"line":20,"column":75}},"9":{"start":{"line":21,"column":34},"end":{"line":21,"column":56}},"10":{"start":{"line":22,"column":36},"end":{"line":22,"column":48}},"11":{"start":{"line":23,"column":30},"end":{"line":23,"column":42}},"12":{"start":{"line":24,"column":44},"end":{"line":24,"column":66}},"13":{"start":{"line":25,"column":44},"end":{"line":25,"column":76}},"14":{"start":{"line":26,"column":58},"end":{"line":26,"column":73}},"15":{"start":{"line":27,"column":46},"end":{"line":27,"column":75}},"16":{"start":{"line":28,"column":60},"end":{"line":28,"column":75}},"17":{"start":{"line":29,"column":44},"end":{"line":29,"column":56}},"18":{"start":{"line":30,"column":44},"end":{"line":30,"column":73}},"19":{"start":{"line":31,"column":46},"end":{"line":31,"column":58}},"20":{"start":{"line":33,"column":2},"end":{"line":35,"column":9}},"21":{"start":{"line":34,"column":4},"end":{"line":34,"column":22}},"22":{"start":{"line":37,"column":2},"end":{"line":44,"column":9}},"23":{"start":{"line":38,"column":36},"end":{"line":40,"column":5}},"24":{"start":{"line":39,"column":6},"end":{"line":39,"column":24}},"25":{"start":{"line":42,"column":4},"end":{"line":42,"column":75}},"26":{"start":{"line":43,"column":4},"end":{"line":43,"column":91}},"27":{"start":{"line":43,"column":17},"end":{"line":43,"column":90}},"28":{"start":{"line":46,"column":26},"end":{"line":50,"column":3}},"29":{"start":{"line":47,"column":27},"end":{"line":47,"column":56}},"30":{"start":{"line":48,"column":4},"end":{"line":48,"column":35}},"31":{"start":{"line":49,"column":4},"end":{"line":49,"column":35}},"32":{"start":{"line":52,"column":33},"end":{"line":55,"column":3}},"33":{"start":{"line":54,"column":4},"end":{"line":54,"column":22}},"34":{"start":{"line":57,"column":31},"end":{"line":61,"column":3}},"35":{"start":{"line":58,"column":4},"end":{"line":58,"column":40}},"36":{"start":{"line":59,"column":4},"end":{"line":59,"column":33}},"37":{"start":{"line":60,"column":4},"end":{"line":60,"column":53}},"38":{"start":{"line":63,"column":25},"end":{"line":74,"column":3}},"39":{"start":{"line":64,"column":4},"end":{"line":73,"column":5}},"40":{"start":{"line":65,"column":6},"end":{"line":68,"column":9}},"41":{"start":{"line":69,"column":6},"end":{"line":69,"column":33}},"42":{"start":{"line":70,"column":6},"end":{"line":70,"column":22}},"43":{"start":{"line":71,"column":6},"end":{"line":71,"column":29}},"44":{"start":{"line":72,"column":6},"end":{"line":72,"column":24}},"45":{"start":{"line":76,"column":27},"end":{"line":80,"column":3}},"46":{"start":{"line":77,"column":4},"end":{"line":77,"column":31}},"47":{"start":{"line":78,"column":4},"end":{"line":78,"column":20}},"48":{"start":{"line":79,"column":4},"end":{"line":79,"column":27}},"49":{"start":{"line":82,"column":26},"end":{"line":89,"column":3}},"50":{"start":{"line":83,"column":4},"end":{"line":83,"column":27}},"51":{"start":{"line":84,"column":4},"end":{"line":84,"column":34}},"52":{"start":{"line":85,"column":4},"end":{"line":85,"column":36}},"53":{"start":{"line":86,"column":4},"end":{"line":86,"column":18}},"54":{"start":{"line":88,"column":4},"end":{"line":88,"column":55}},"55":{"start":{"line":91,"column":30},"end":{"line":97,"column":3}},"56":{"start":{"line":92,"column":4},"end":{"line":96,"column":5}},"57":{"start":{"line":93,"column":6},"end":{"line":93,"column":101}},"58":{"start":{"line":94,"column":6},"end":{"line":94,"column":28}},"59":{"start":{"line":95,"column":6},"end":{"line":95,"column":24}},"60":{"start":{"line":99,"column":23},"end":{"line":104,"column":3}},"61":{"start":{"line":100,"column":4},"end":{"line":102,"column":5}},"62":{"start":{"line":101,"column":6},"end":{"line":101,"column":38}},"63":{"start":{"line":103,"column":4},"end":{"line":103,"column":18}},"64":{"start":{"line":106,"column":26},"end":{"line":108,"column":3}},"65":{"start":{"line":107,"column":4},"end":{"line":107,"column":61}},"66":{"start":{"line":107,"column":39},"end":{"line":107,"column":58}},"67":{"start":{"line":110,"column":33},"end":{"line":115,"column":3}},"68":{"start":{"line":111,"column":4},"end":{"line":114,"column":5}},"69":{"start":{"line":112,"column":6},"end":{"line":112,"column":91}},"70":{"start":{"line":113,"column":6},"end":{"line":113,"column":24}},"71":{"start":{"line":117,"column":29},"end":{"line":124,"column":3}},"72":{"start":{"line":118,"column":4},"end":{"line":123,"column":5}},"73":{"start":{"line":119,"column":6},"end":{"line":119,"column":61}},"74":{"start":{"line":120,"column":6},"end":{"line":120,"column":27}},"75":{"start":{"line":121,"column":6},"end":{"line":121,"column":38}},"76":{"start":{"line":122,"column":6},"end":{"line":122,"column":24}},"77":{"start":{"line":126,"column":27},"end":{"line":129,"column":3}},"78":{"start":{"line":127,"column":4},"end":{"line":127,"column":32}},"79":{"start":{"line":128,"column":4},"end":{"line":128,"column":35}},"80":{"start":{"line":131,"column":31},"end":{"line":138,"column":3}},"81":{"start":{"line":132,"column":4},"end":{"line":137,"column":5}},"82":{"start":{"line":133,"column":6},"end":{"line":133,"column":87}},"83":{"start":{"line":134,"column":6},"end":{"line":134,"column":29}},"84":{"start":{"line":135,"column":6},"end":{"line":135,"column":28}},"85":{"start":{"line":136,"column":6},"end":{"line":136,"column":24}},"86":{"start":{"line":140,"column":29},"end":{"line":148,"column":3}},"87":{"start":{"line":141,"column":4},"end":{"line":147,"column":5}},"88":{"start":{"line":142,"column":6},"end":{"line":142,"column":49}},"89":{"start":{"line":143,"column":6},"end":{"line":145,"column":7}},"90":{"start":{"line":144,"column":8},"end":{"line":144,"column":32}},"91":{"start":{"line":146,"column":6},"end":{"line":146,"column":24}},"92":{"start":{"line":150,"column":34},"end":{"line":155,"column":3}},"93":{"start":{"line":151,"column":4},"end":{"line":154,"column":5}},"94":{"start":{"line":152,"column":6},"end":{"line":152,"column":61}},"95":{"start":{"line":153,"column":6},"end":{"line":153,"column":24}},"96":{"start":{"line":157,"column":33},"end":{"line":166,"column":3}},"97":{"start":{"line":158,"column":23},"end":{"line":158,"column":67}},"98":{"start":{"line":158,"column":45},"end":{"line":158,"column":66}},"99":{"start":{"line":159,"column":4},"end":{"line":165,"column":5}},"100":{"start":{"line":160,"column":6},"end":{"line":160,"column":37}},"101":{"start":{"line":161,"column":6},"end":{"line":163,"column":7}},"102":{"start":{"line":162,"column":8},"end":{"line":162,"column":36}},"103":{"start":{"line":164,"column":6},"end":{"line":164,"column":24}},"104":{"start":{"line":168,"column":23},"end":{"line":188,"column":3}},"105":{"start":{"line":169,"column":23},"end":{"line":169,"column":67}},"106":{"start":{"line":169,"column":45},"end":{"line":169,"column":66}},"107":{"start":{"line":170,"column":4},"end":{"line":170,"column":28}},"108":{"start":{"line":170,"column":21},"end":{"line":170,"column":28}},"109":{"start":{"line":172,"column":20},"end":{"line":172,"column":58}},"110":{"start":{"line":173,"column":21},"end":{"line":173,"column":123}},"111":{"start":{"line":174,"column":26},"end":{"line":174,"column":61}},"112":{"start":{"line":177,"column":17},"end":{"line":177,"column":60}},"113":{"start":{"line":178,"column":16},"end":{"line":178,"column":41}},"114":{"start":{"line":179,"column":14},"end":{"line":179,"column":41}},"115":{"start":{"line":180,"column":4},"end":{"line":180,"column":17}},"116":{"start":{"line":181,"column":4},"end":{"line":181,"column":48}},"117":{"start":{"line":182,"column":4},"end":{"line":182,"column":33}},"118":{"start":{"line":183,"column":4},"end":{"line":183,"column":14}},"119":{"start":{"line":184,"column":4},"end":{"line":184,"column":33}},"120":{"start":{"line":185,"column":4},"end":{"line":185,"column":29}},"121":{"start":{"line":187,"column":4},"end":{"line":187,"column":28}},"122":{"start":{"line":190,"column":22},"end":{"line":190,"column":96}},"123":{"start":{"line":190,"column":62},"end":{"line":190,"column":92}},"124":{"start":{"line":191,"column":33},"end":{"line":191,"column":111}},"125":{"start":{"line":191,"column":76},"end":{"line":191,"column":103}},"126":{"start":{"line":193,"column":2},"end":{"line":927,"column":4}},"127":{"start":{"line":220,"column":31},"end":{"line":220,"column":55}},"128":{"start":{"line":231,"column":33},"end":{"line":231,"column":62}},"129":{"start":{"line":255,"column":32},"end":{"line":255,"column":65}},"130":{"start":{"line":256,"column":37},"end":{"line":256,"column":73}},"131":{"start":{"line":257,"column":36},"end":{"line":257,"column":71}},"132":{"start":{"line":259,"column":18},"end":{"line":436,"column":20}},"133":{"start":{"line":265,"column":37},"end":{"line":265,"column":87}},"134":{"start":{"line":268,"column":67},"end":{"line":268,"column":86}},"135":{"start":{"line":272,"column":45},"end":{"line":272,"column":72}},"136":{"start":{"line":279,"column":45},"end":{"line":279,"column":79}},"137":{"start":{"line":329,"column":36},"end":{"line":329,"column":56}},"138":{"start":{"line":330,"column":36},"end":{"line":330,"column":111}},"139":{"start":{"line":344,"column":42},"end":{"line":344,"column":62}},"140":{"start":{"line":345,"column":42},"end":{"line":345,"column":80}},"141":{"start":{"line":353,"column":42},"end":{"line":353,"column":62}},"142":{"start":{"line":354,"column":42},"end":{"line":354,"column":82}},"143":{"start":{"line":362,"column":42},"end":{"line":362,"column":62}},"144":{"start":{"line":363,"column":42},"end":{"line":363,"column":81}},"145":{"start":{"line":375,"column":42},"end":{"line":375,"column":62}},"146":{"start":{"line":376,"column":42},"end":{"line":376,"column":77}},"147":{"start":{"line":384,"column":42},"end":{"line":384,"column":62}},"148":{"start":{"line":385,"column":42},"end":{"line":385,"column":77}},"149":{"start":{"line":393,"column":42},"end":{"line":393,"column":62}},"150":{"start":{"line":394,"column":42},"end":{"line":394,"column":81}},"151":{"start":{"line":403,"column":42},"end":{"line":403,"column":62}},"152":{"start":{"line":404,"column":42},"end":{"line":404,"column":75}},"153":{"start":{"line":405,"column":42},"end":{"line":405,"column":66}},"154":{"start":{"line":414,"column":44},"end":{"line":414,"column":64}},"155":{"start":{"line":415,"column":44},"end":{"line":415,"column":82}},"156":{"start":{"line":416,"column":44},"end":{"line":416,"column":68}},"157":{"start":{"line":472,"column":74},"end":{"line":472,"column":89}},"158":{"start":{"line":478,"column":79},"end":{"line":478,"column":87}},"159":{"start":{"line":490,"column":37},"end":{"line":490,"column":67}},"160":{"start":{"line":507,"column":41},"end":{"line":507,"column":73}},"161":{"start":{"line":509,"column":26},"end":{"line":511,"column":27}},"162":{"start":{"line":510,"column":28},"end":{"line":510,"column":49}},"163":{"start":{"line":525,"column":26},"end":{"line":525,"column":58}},"164":{"start":{"line":526,"column":26},"end":{"line":526,"column":47}},"165":{"start":{"line":538,"column":37},"end":{"line":538,"column":60}},"166":{"start":{"line":549,"column":22},"end":{"line":620,"column":28}},"167":{"start":{"line":555,"column":47},"end":{"line":555,"column":80}},"168":{"start":{"line":557,"column":32},"end":{"line":559,"column":33}},"169":{"start":{"line":558,"column":34},"end":{"line":558,"column":57}},"170":{"start":{"line":572,"column":32},"end":{"line":572,"column":55}},"171":{"start":{"line":573,"column":32},"end":{"line":573,"column":54}},"172":{"start":{"line":583,"column":45},"end":{"line":583,"column":73}},"173":{"start":{"line":604,"column":51},"end":{"line":604,"column":75}},"174":{"start":{"line":610,"column":51},"end":{"line":610,"column":80}},"175":{"start":{"line":627,"column":39},"end":{"line":629,"column":75}},"176":{"start":{"line":631,"column":18},"end":{"line":763,"column":20}},"177":{"start":{"line":634,"column":22},"end":{"line":745,"column":28}},"178":{"start":{"line":646,"column":89},"end":{"line":646,"column":112}},"179":{"start":{"line":653,"column":49},"end":{"line":653,"column":108}},"180":{"start":{"line":658,"column":34},"end":{"line":660,"column":43}},"181":{"start":{"line":664,"column":47},"end":{"line":664,"column":96}},"182":{"start":{"line":686,"column":34},"end":{"line":691,"column":41}},"183":{"start":{"line":708,"column":49},"end":{"line":708,"column":73}},"184":{"start":{"line":709,"column":53},"end":{"line":709,"column":78}},"185":{"start":{"line":710,"column":54},"end":{"line":710,"column":110}},"186":{"start":{"line":712,"column":34},"end":{"line":732,"column":36}},"187":{"start":{"line":718,"column":69},"end":{"line":718,"column":91}},"188":{"start":{"line":719,"column":44},"end":{"line":723,"column":45}},"189":{"start":{"line":720,"column":46},"end":{"line":720,"column":78}},"190":{"start":{"line":722,"column":46},"end":{"line":722,"column":75}},"191":{"start":{"line":724,"column":44},"end":{"line":724,"column":79}},"192":{"start":{"line":784,"column":23},"end":{"line":784,"column":48}},"193":{"start":{"line":791,"column":23},"end":{"line":791,"column":53}},"194":{"start":{"line":805,"column":31},"end":{"line":805,"column":52}},"195":{"start":{"line":834,"column":37},"end":{"line":834,"column":62}},"196":{"start":{"line":836,"column":22},"end":{"line":839,"column":23}},"197":{"start":{"line":837,"column":24},"end":{"line":837,"column":43}},"198":{"start":{"line":838,"column":24},"end":{"line":838,"column":45}},"199":{"start":{"line":844,"column":35},"end":{"line":844,"column":55}},"200":{"start":{"line":858,"column":24},"end":{"line":865,"column":33}},"201":{"start":{"line":860,"column":41},"end":{"line":860,"column":58}},"202":{"start":{"line":875,"column":22},"end":{"line":886,"column":29}},"203":{"start":{"line":881,"column":41},"end":{"line":881,"column":61}},"204":{"start":{"line":901,"column":35},"end":{"line":901,"column":63}},"205":{"start":{"line":911,"column":31},"end":{"line":911,"column":52}}},"fnMap":{"0":{"name":"(anonymous_0)","decl":{"start":{"line":12,"column":64},"end":{"line":12,"column":65}},"loc":{"start":{"line":12,"column":88},"end":{"line":928,"column":1}},"line":12},"1":{"name":"(anonymous_1)","decl":{"start":{"line":33,"column":12},"end":{"line":33,"column":13}},"loc":{"start":{"line":33,"column":18},"end":{"line":35,"column":3}},"line":33},"2":{"name":"(anonymous_2)","decl":{"start":{"line":37,"column":12},"end":{"line":37,"column":13}},"loc":{"start":{"line":37,"column":18},"end":{"line":44,"column":3}},"line":37},"3":{"name":"(anonymous_3)","decl":{"start":{"line":38,"column":36},"end":{"line":38,"column":37}},"loc":{"start":{"line":38,"column":42},"end":{"line":40,"column":5}},"line":38},"4":{"name":"(anonymous_4)","decl":{"start":{"line":43,"column":11},"end":{"line":43,"column":12}},"loc":{"start":{"line":43,"column":17},"end":{"line":43,"column":90}},"line":43},"5":{"name":"(anonymous_5)","decl":{"start":{"line":46,"column":26},"end":{"line":46,"column":27}},"loc":{"start":{"line":46,"column":32},"end":{"line":50,"column":3}},"line":46},"6":{"name":"(anonymous_6)","decl":{"start":{"line":52,"column":33},"end":{"line":52,"column":34}},"loc":{"start":{"line":52,"column":89},"end":{"line":55,"column":3}},"line":52},"7":{"name":"(anonymous_7)","decl":{"start":{"line":57,"column":31},"end":{"line":57,"column":32}},"loc":{"start":{"line":57,"column":59},"end":{"line":61,"column":3}},"line":57},"8":{"name":"(anonymous_8)","decl":{"start":{"line":63,"column":25},"end":{"line":63,"column":26}},"loc":{"start":{"line":63,"column":31},"end":{"line":74,"column":3}},"line":63},"9":{"name":"(anonymous_9)","decl":{"start":{"line":76,"column":27},"end":{"line":76,"column":28}},"loc":{"start":{"line":76,"column":33},"end":{"line":80,"column":3}},"line":76},"10":{"name":"(anonymous_10)","decl":{"start":{"line":82,"column":26},"end":{"line":82,"column":27}},"loc":{"start":{"line":82,"column":71},"end":{"line":89,"column":3}},"line":82},"11":{"name":"(anonymous_11)","decl":{"start":{"line":91,"column":30},"end":{"line":91,"column":31}},"loc":{"start":{"line":91,"column":36},"end":{"line":97,"column":3}},"line":91},"12":{"name":"(anonymous_12)","decl":{"start":{"line":99,"column":23},"end":{"line":99,"column":24}},"loc":{"start":{"line":99,"column":40},"end":{"line":104,"column":3}},"line":99},"13":{"name":"(anonymous_13)","decl":{"start":{"line":106,"column":26},"end":{"line":106,"column":27}},"loc":{"start":{"line":106,"column":51},"end":{"line":108,"column":3}},"line":106},"14":{"name":"(anonymous_14)","decl":{"start":{"line":107,"column":32},"end":{"line":107,"column":33}},"loc":{"start":{"line":107,"column":39},"end":{"line":107,"column":58}},"line":107},"15":{"name":"(anonymous_15)","decl":{"start":{"line":110,"column":33},"end":{"line":110,"column":34}},"loc":{"start":{"line":110,"column":51},"end":{"line":115,"column":3}},"line":110},"16":{"name":"(anonymous_16)","decl":{"start":{"line":117,"column":29},"end":{"line":117,"column":30}},"loc":{"start":{"line":117,"column":35},"end":{"line":124,"column":3}},"line":117},"17":{"name":"(anonymous_17)","decl":{"start":{"line":126,"column":27},"end":{"line":126,"column":28}},"loc":{"start":{"line":126,"column":47},"end":{"line":129,"column":3}},"line":126},"18":{"name":"(anonymous_18)","decl":{"start":{"line":131,"column":31},"end":{"line":131,"column":32}},"loc":{"start":{"line":131,"column":37},"end":{"line":138,"column":3}},"line":131},"19":{"name":"(anonymous_19)","decl":{"start":{"line":140,"column":29},"end":{"line":140,"column":30}},"loc":{"start":{"line":140,"column":51},"end":{"line":148,"column":3}},"line":140},"20":{"name":"(anonymous_20)","decl":{"start":{"line":150,"column":34},"end":{"line":150,"column":35}},"loc":{"start":{"line":150,"column":76},"end":{"line":155,"column":3}},"line":150},"21":{"name":"(anonymous_21)","decl":{"start":{"line":157,"column":33},"end":{"line":157,"column":34}},"loc":{"start":{"line":157,"column":59},"end":{"line":166,"column":3}},"line":157},"22":{"name":"(anonymous_22)","decl":{"start":{"line":158,"column":40},"end":{"line":158,"column":41}},"loc":{"start":{"line":158,"column":45},"end":{"line":158,"column":66}},"line":158},"23":{"name":"(anonymous_23)","decl":{"start":{"line":168,"column":23},"end":{"line":168,"column":24}},"loc":{"start":{"line":168,"column":120},"end":{"line":188,"column":3}},"line":168},"24":{"name":"(anonymous_24)","decl":{"start":{"line":169,"column":40},"end":{"line":169,"column":41}},"loc":{"start":{"line":169,"column":45},"end":{"line":169,"column":66}},"line":169},"25":{"name":"(anonymous_25)","decl":{"start":{"line":190,"column":41},"end":{"line":190,"column":42}},"loc":{"start":{"line":190,"column":62},"end":{"line":190,"column":92}},"line":190},"26":{"name":"(anonymous_26)","decl":{"start":{"line":191,"column":71},"end":{"line":191,"column":72}},"loc":{"start":{"line":191,"column":76},"end":{"line":191,"column":103}},"line":191},"27":{"name":"(anonymous_27)","decl":{"start":{"line":220,"column":25},"end":{"line":220,"column":26}},"loc":{"start":{"line":220,"column":31},"end":{"line":220,"column":55}},"line":220},"28":{"name":"(anonymous_28)","decl":{"start":{"line":231,"column":27},"end":{"line":231,"column":28}},"loc":{"start":{"line":231,"column":33},"end":{"line":231,"column":62}},"line":231},"29":{"name":"(anonymous_29)","decl":{"start":{"line":254,"column":33},"end":{"line":254,"column":34}},"loc":{"start":{"line":254,"column":49},"end":{"line":437,"column":17}},"line":254},"30":{"name":"(anonymous_30)","decl":{"start":{"line":265,"column":31},"end":{"line":265,"column":32}},"loc":{"start":{"line":265,"column":37},"end":{"line":265,"column":87}},"line":265},"31":{"name":"(anonymous_31)","decl":{"start":{"line":268,"column":60},"end":{"line":268,"column":61}},"loc":{"start":{"line":268,"column":67},"end":{"line":268,"column":86}},"line":268},"32":{"name":"(anonymous_32)","decl":{"start":{"line":272,"column":38},"end":{"line":272,"column":39}},"loc":{"start":{"line":272,"column":45},"end":{"line":272,"column":72}},"line":272},"33":{"name":"(anonymous_33)","decl":{"start":{"line":279,"column":38},"end":{"line":279,"column":39}},"loc":{"start":{"line":279,"column":45},"end":{"line":279,"column":79}},"line":279},"34":{"name":"(anonymous_34)","decl":{"start":{"line":328,"column":43},"end":{"line":328,"column":44}},"loc":{"start":{"line":328,"column":50},"end":{"line":331,"column":35}},"line":328},"35":{"name":"(anonymous_35)","decl":{"start":{"line":343,"column":49},"end":{"line":343,"column":50}},"loc":{"start":{"line":343,"column":56},"end":{"line":346,"column":41}},"line":343},"36":{"name":"(anonymous_36)","decl":{"start":{"line":352,"column":49},"end":{"line":352,"column":50}},"loc":{"start":{"line":352,"column":56},"end":{"line":355,"column":41}},"line":352},"37":{"name":"(anonymous_37)","decl":{"start":{"line":361,"column":49},"end":{"line":361,"column":50}},"loc":{"start":{"line":361,"column":56},"end":{"line":364,"column":41}},"line":361},"38":{"name":"(anonymous_38)","decl":{"start":{"line":374,"column":49},"end":{"line":374,"column":50}},"loc":{"start":{"line":374,"column":56},"end":{"line":377,"column":41}},"line":374},"39":{"name":"(anonymous_39)","decl":{"start":{"line":383,"column":49},"end":{"line":383,"column":50}},"loc":{"start":{"line":383,"column":56},"end":{"line":386,"column":41}},"line":383},"40":{"name":"(anonymous_40)","decl":{"start":{"line":392,"column":49},"end":{"line":392,"column":50}},"loc":{"start":{"line":392,"column":56},"end":{"line":395,"column":41}},"line":392},"41":{"name":"(anonymous_41)","decl":{"start":{"line":402,"column":49},"end":{"line":402,"column":50}},"loc":{"start":{"line":402,"column":56},"end":{"line":406,"column":41}},"line":402},"42":{"name":"(anonymous_42)","decl":{"start":{"line":413,"column":51},"end":{"line":413,"column":52}},"loc":{"start":{"line":413,"column":58},"end":{"line":417,"column":43}},"line":413},"43":{"name":"(anonymous_43)","decl":{"start":{"line":472,"column":62},"end":{"line":472,"column":63}},"loc":{"start":{"line":472,"column":74},"end":{"line":472,"column":89}},"line":472},"44":{"name":"(anonymous_44)","decl":{"start":{"line":478,"column":67},"end":{"line":478,"column":68}},"loc":{"start":{"line":478,"column":79},"end":{"line":478,"column":87}},"line":478},"45":{"name":"(anonymous_45)","decl":{"start":{"line":490,"column":31},"end":{"line":490,"column":32}},"loc":{"start":{"line":490,"column":37},"end":{"line":490,"column":67}},"line":490},"46":{"name":"(anonymous_46)","decl":{"start":{"line":507,"column":34},"end":{"line":507,"column":35}},"loc":{"start":{"line":507,"column":41},"end":{"line":507,"column":73}},"line":507},"47":{"name":"(anonymous_47)","decl":{"start":{"line":508,"column":36},"end":{"line":508,"column":37}},"loc":{"start":{"line":508,"column":43},"end":{"line":512,"column":25}},"line":508},"48":{"name":"(anonymous_48)","decl":{"start":{"line":524,"column":33},"end":{"line":524,"column":34}},"loc":{"start":{"line":524,"column":39},"end":{"line":527,"column":25}},"line":524},"49":{"name":"(anonymous_49)","decl":{"start":{"line":538,"column":31},"end":{"line":538,"column":32}},"loc":{"start":{"line":538,"column":37},"end":{"line":538,"column":60}},"line":538},"50":{"name":"(anonymous_50)","decl":{"start":{"line":548,"column":56},"end":{"line":548,"column":57}},"loc":{"start":{"line":549,"column":22},"end":{"line":620,"column":28}},"line":549},"51":{"name":"(anonymous_51)","decl":{"start":{"line":555,"column":40},"end":{"line":555,"column":41}},"loc":{"start":{"line":555,"column":47},"end":{"line":555,"column":80}},"line":555},"52":{"name":"(anonymous_52)","decl":{"start":{"line":556,"column":42},"end":{"line":556,"column":43}},"loc":{"start":{"line":556,"column":49},"end":{"line":560,"column":31}},"line":556},"53":{"name":"(anonymous_53)","decl":{"start":{"line":571,"column":39},"end":{"line":571,"column":40}},"loc":{"start":{"line":571,"column":45},"end":{"line":574,"column":31}},"line":571},"54":{"name":"(anonymous_54)","decl":{"start":{"line":583,"column":39},"end":{"line":583,"column":40}},"loc":{"start":{"line":583,"column":45},"end":{"line":583,"column":73}},"line":583},"55":{"name":"(anonymous_55)","decl":{"start":{"line":594,"column":41},"end":{"line":594,"column":42}},"loc":{"start":{"line":594,"column":47},"end":{"line":594,"column":73}},"line":594},"56":{"name":"(anonymous_56)","decl":{"start":{"line":604,"column":45},"end":{"line":604,"column":46}},"loc":{"start":{"line":604,"column":51},"end":{"line":604,"column":75}},"line":604},"57":{"name":"(anonymous_57)","decl":{"start":{"line":610,"column":45},"end":{"line":610,"column":46}},"loc":{"start":{"line":610,"column":51},"end":{"line":610,"column":80}},"line":610},"58":{"name":"(anonymous_58)","decl":{"start":{"line":626,"column":18},"end":{"line":626,"column":19}},"loc":{"start":{"line":626,"column":24},"end":{"line":764,"column":17}},"line":626},"59":{"name":"(anonymous_59)","decl":{"start":{"line":633,"column":40},"end":{"line":633,"column":41}},"loc":{"start":{"line":634,"column":22},"end":{"line":745,"column":28}},"line":634},"60":{"name":"(anonymous_60)","decl":{"start":{"line":646,"column":74},"end":{"line":646,"column":75}},"loc":{"start":{"line":646,"column":89},"end":{"line":646,"column":112}},"line":646},"61":{"name":"(anonymous_61)","decl":{"start":{"line":653,"column":42},"end":{"line":653,"column":43}},"loc":{"start":{"line":653,"column":49},"end":{"line":653,"column":108}},"line":653},"62":{"name":"(anonymous_62)","decl":{"start":{"line":657,"column":68},"end":{"line":657,"column":69}},"loc":{"start":{"line":658,"column":34},"end":{"line":660,"column":43}},"line":658},"63":{"name":"(anonymous_63)","decl":{"start":{"line":664,"column":41},"end":{"line":664,"column":42}},"loc":{"start":{"line":664,"column":47},"end":{"line":664,"column":96}},"line":664},"64":{"name":"(anonymous_64)","decl":{"start":{"line":685,"column":48},"end":{"line":685,"column":49}},"loc":{"start":{"line":686,"column":34},"end":{"line":691,"column":41}},"line":686},"65":{"name":"(anonymous_65)","decl":{"start":{"line":707,"column":34},"end":{"line":707,"column":35}},"loc":{"start":{"line":707,"column":40},"end":{"line":733,"column":33}},"line":707},"66":{"name":"(anonymous_66)","decl":{"start":{"line":717,"column":51},"end":{"line":717,"column":52}},"loc":{"start":{"line":717,"column":57},"end":{"line":725,"column":43}},"line":717},"67":{"name":"(anonymous_67)","decl":{"start":{"line":784,"column":17},"end":{"line":784,"column":18}},"loc":{"start":{"line":784,"column":23},"end":{"line":784,"column":48}},"line":784},"68":{"name":"(anonymous_68)","decl":{"start":{"line":791,"column":17},"end":{"line":791,"column":18}},"loc":{"start":{"line":791,"column":23},"end":{"line":791,"column":53}},"line":791},"69":{"name":"(anonymous_69)","decl":{"start":{"line":805,"column":25},"end":{"line":805,"column":26}},"loc":{"start":{"line":805,"column":31},"end":{"line":805,"column":52}},"line":805},"70":{"name":"(anonymous_70)","decl":{"start":{"line":834,"column":30},"end":{"line":834,"column":31}},"loc":{"start":{"line":834,"column":37},"end":{"line":834,"column":62}},"line":834},"71":{"name":"(anonymous_71)","decl":{"start":{"line":835,"column":32},"end":{"line":835,"column":33}},"loc":{"start":{"line":835,"column":39},"end":{"line":840,"column":21}},"line":835},"72":{"name":"(anonymous_72)","decl":{"start":{"line":844,"column":29},"end":{"line":844,"column":30}},"loc":{"start":{"line":844,"column":35},"end":{"line":844,"column":55}},"line":844},"73":{"name":"(anonymous_73)","decl":{"start":{"line":857,"column":54},"end":{"line":857,"column":55}},"loc":{"start":{"line":858,"column":24},"end":{"line":865,"column":33}},"line":858},"74":{"name":"(anonymous_74)","decl":{"start":{"line":860,"column":35},"end":{"line":860,"column":36}},"loc":{"start":{"line":860,"column":41},"end":{"line":860,"column":58}},"line":860},"75":{"name":"(anonymous_75)","decl":{"start":{"line":874,"column":34},"end":{"line":874,"column":35}},"loc":{"start":{"line":875,"column":22},"end":{"line":886,"column":29}},"line":875},"76":{"name":"(anonymous_76)","decl":{"start":{"line":881,"column":35},"end":{"line":881,"column":36}},"loc":{"start":{"line":881,"column":41},"end":{"line":881,"column":61}},"line":881},"77":{"name":"(anonymous_77)","decl":{"start":{"line":901,"column":28},"end":{"line":901,"column":29}},"loc":{"start":{"line":901,"column":35},"end":{"line":901,"column":63}},"line":901},"78":{"name":"(anonymous_78)","decl":{"start":{"line":911,"column":25},"end":{"line":911,"column":26}},"loc":{"start":{"line":911,"column":31},"end":{"line":911,"column":52}},"line":911}},"branchMap":{"0":{"loc":{"start":{"line":60,"column":23},"end":{"line":60,"column":51}},"type":"binary-expr","locations":[{"start":{"line":60,"column":23},"end":{"line":60,"column":45}},{"start":{"line":60,"column":49},"end":{"line":60,"column":51}}],"line":60},"1":{"loc":{"start":{"line":64,"column":4},"end":{"line":73,"column":5}},"type":"if","locations":[{"start":{"line":64,"column":4},"end":{"line":73,"column":5}},{"start":{},"end":{}}],"line":64},"2":{"loc":{"start":{"line":64,"column":8},"end":{"line":64,"column":44}},"type":"binary-expr","locations":[{"start":{"line":64,"column":8},"end":{"line":64,"column":25}},{"start":{"line":64,"column":29},"end":{"line":64,"column":44}}],"line":64},"3":{"loc":{"start":{"line":67,"column":21},"end":{"line":67,"column":56}},"type":"binary-expr","locations":[{"start":{"line":67,"column":21},"end":{"line":67,"column":43}},{"start":{"line":67,"column":47},"end":{"line":67,"column":56}}],"line":67},"4":{"loc":{"start":{"line":84,"column":16},"end":{"line":84,"column":32}},"type":"binary-expr","locations":[{"start":{"line":84,"column":16},"end":{"line":84,"column":26}},{"start":{"line":84,"column":30},"end":{"line":84,"column":32}}],"line":84},"5":{"loc":{"start":{"line":85,"column":17},"end":{"line":85,"column":34}},"type":"binary-expr","locations":[{"start":{"line":85,"column":17},"end":{"line":85,"column":28}},{"start":{"line":85,"column":32},"end":{"line":85,"column":34}}],"line":85},"6":{"loc":{"start":{"line":92,"column":4},"end":{"line":96,"column":5}},"type":"if","locations":[{"start":{"line":92,"column":4},"end":{"line":96,"column":5}},{"start":{},"end":{}}],"line":92},"7":{"loc":{"start":{"line":92,"column":8},"end":{"line":92,"column":58}},"type":"binary-expr","locations":[{"start":{"line":92,"column":8},"end":{"line":92,"column":20}},{"start":{"line":92,"column":24},"end":{"line":92,"column":58}}],"line":92},"8":{"loc":{"start":{"line":100,"column":4},"end":{"line":102,"column":5}},"type":"if","locations":[{"start":{"line":
[...]
:{"line":80,"column":56},"end":{"line":80,"column":68}}],"line":80},"11":{"loc":{"start":{"line":91,"column":2},"end":{"line":100,"column":3}},"type":"if","locations":[{"start":{"line":91,"column":2},"end":{"line":100,"column":3}},{"start":{},"end":{}}],"line":91},"12":{"loc":{"start":{"line":92,"column":19},"end":{"line":92,"column":92}},"type":"cond-expr","locations":[{"start":{"line":92,"column":50},"end":{"line":92,"column":59}},{"start":{"line":92,"column":62},"end":{"line":92,"column":92}}],"line":92},"13":{"loc":{"start":{"line":108,"column":9},"end":{"line":108,"column":43}},"type":"cond-expr","locations":[{"start":{"line":108,"column":28},"end":{"line":108,"column":36}},{"start":{"line":108,"column":39},"end":{"line":108,"column":43}}],"line":108},"14":{"loc":{"start":{"line":112,"column":2},"end":{"line":112,"column":30}},"type":"if","locations":[{"start":{"line":112,"column":2},"end":{"line":112,"column":30}},{"start":{},"end":{}}],"line":112},"15":{"loc":{"start":{"line":117,"column":2},"end":{"line":119,"column":3}},"type":"if","locations":[{"start":{"line":117,"column":2},"end":{"line":119,"column":3}},{"start":{},"end":{}}],"line":117},"16":{"loc":{"start":{"line":117,"column":6},"end":{"line":117,"column":75}},"type":"binary-expr","locations":[{"start":{"line":117,"column":6},"end":{"line":117,"column":38}},{"start":{"line":117,"column":42},"end":{"line":117,"column":75}}],"line":117},"17":{"loc":{"start":{"line":122,"column":2},"end":{"line":130,"column":3}},"type":"if","locations":[{"start":{"line":122,"column":2},"end":{"line":130,"column":3}},{"start":{},"end":{}}],"line":122},"18":{"loc":{"start":{"line":122,"column":6},"end":{"line":122,"column":66}},"type":"binary-expr","locations":[{"start":{"line":122,"column":6},"end":{"line":122,"column":34}},{"start":{"line":122,"column":38},"end":{"line":122,"column":66}}],"line":122},"19":{"loc":{"start":{"line":123,"column":4},"end":{"line":129,"column":5}},"type":"if","locations":[{"start":{"line":123,"column":4},"end":{"line":129,"column":5}},{"start":{"line":125,"column":11},"end":{"line":129,"column":5}}],"line":123},"20":{"loc":{"start":{"line":123,"column":8},"end":{"line":123,"column":58}},"type":"binary-expr","locations":[{"start":{"line":123,"column":8},"end":{"line":123,"column":31}},{"start":{"line":123,"column":35},"end":{"line":123,"column":58}}],"line":123},"21":{"loc":{"start":{"line":125,"column":11},"end":{"line":129,"column":5}},"type":"if","locations":[{"start":{"line":125,"column":11},"end":{"line":129,"column":5}},{"start":{"line":127,"column":11},"end":{"line":129,"column":5}}],"line":125},"22":{"loc":{"start":{"line":136,"column":2},"end":{"line":138,"column":3}},"type":"if","locations":[{"start":{"line":136,"column":2},"end":{"line":138,"column":3}},{"start":{},"end":{}}],"line":136},"23":{"loc":{"start":{"line":144,"column":4},"end":{"line":146,"column":5}},"type":"if","locations":[{"start":{"line":144,"column":4},"end":{"line":146,"column":5}},{"start":{},"end":{}}],"line":144},"24":{"loc":{"start":{"line":149,"column":4},"end":{"line":154,"column":5}},"type":"if","locations":[{"start":{"line":149,"column":4},"end":{"line":154,"column":5}},{"start":{},"end":{}}],"line":149},"25":{"loc":{"start":{"line":149,"column":8},"end":{"line":149,"column":68}},"type":"binary-expr","locations":[{"start":{"line":149,"column":8},"end":{"line":149,"column":36}},{"start":{"line":149,"column":40},"end":{"line":149,"column":68}}],"line":149},"26":{"loc":{"start":{"line":157,"column":4},"end":{"line":162,"column":5}},"type":"if","locations":[{"start":{"line":157,"column":4},"end":{"line":162,"column":5}},{"start":{},"end":{}}],"line":157},"27":{"loc":{"start":{"line":157,"column":8},"end":{"line":157,"column":68}},"type":"binary-expr","locations":[{"start":{"line":157,"column":8},"end":{"line":157,"column":36}},{"start":{"line":157,"column":40},"end":{"line":157,"column":68}}],"line":157},"28":{"loc":{"start":{"line":166,"column":17},"end":{"line":166,"column":58}},"type":"cond-expr","locations":[{"start":{"line":166,"column":37},"end":{"line":166,"column":46}},{"start":{"line":166,"column":49},"end":{"line":166,"column":58}}],"line":166},"29":{"loc":{"start":{"line":198,"column":2},"end":{"line":198,"column":40}},"type":"if","locations":[{"start":{"line":198,"column":2},"end":{"line":198,"column":40}},{"start":{},"end":{}}],"line":198},"30":{"loc":{"start":{"line":203,"column":9},"end":{"line":203,"column":33}},"type":"binary-expr","locations":[{"start":{"line":203,"column":9},"end":{"line":203,"column":25}},{"start":{"line":203,"column":29},"end":{"line":203,"column":33}}],"line":203},"31":{"loc":{"start":{"line":228,"column":9},"end":{"line":228,"column":35}},"type":"binary-expr","locations":[{"start":{"line":228,"column":9},"end":{"line":228,"column":29}},{"start":{"line":228,"column":33},"end":{"line":228,"column":35}}],"line":228},"32":{"loc":{"start":{"line":240,"column":4},"end":{"line":242,"column":5}},"type":"if","locations":[{"start":{"line":240,"column":4},"end":{"line":242,"column":5}},{"start":{},"end":{}}],"line":240},"33":{"loc":{"start":{"line":240,"column":8},"end":{"line":240,"column":106}},"type":"binary-expr","locations":[{"start":{"line":240,"column":8},"end":{"line":240,"column":38}},{"start":{"line":240,"column":42},"end":{"line":240,"column":70}},{"start":{"line":240,"column":74},"end":{"line":240,"column":106}}],"line":240}},"s":{"0":0,"1":0,"2":0,"3":0,"4":0,"5":0,"6":0,"7":0,"8":0,"9":0,"10":0,"11":0,"12":0,"13":0,"14":0,"15":0,"16":0,"17":0,"18":0,"19":0,"20":0,"21":0,"22":0,"23":0,"24":0,"25":0,"26":0,"27":0,"28":0,"29":0,"30":0,"31":0,"32":0,"33":0,"34":0,"35":0,"36":0,"37":0,"38":0,"39":0,"40":0,"41":0,"42":0,"43":0,"44":0,"45":0,"46":0,"47":0,"48":0,"49":0,"50":0,"51":0,"52":0,"53":0,"54":0,"55":0,"56":0,"57":0,"58":0,"59":0,"60":0,"61":0,"62":0,"63":0,"64":0,"65":0,"66":0,"67":0,"68":0,"69":0,"70":0,"71":0,"72":0,"73":0,"74":0,"75":0,"76":0,"77":0,"78":0,"79":0,"80":0,"81":0,"82":0,"83":0,"84":0},"f":{"0":0,"1":0,"2":0,"3":0,"4":0,"5":0,"6":0,"7":0,"8":0,"9":0,"10":0,"11":0},"b":{"0":[0,0],"1":[0,0],"2":[0,0,0],"3":[0,0],"4":[0,0],"5":[0,0],"6":[0,0],"7":[0,0],"8":[0,0,0],"9":[0,0],"10":[0,0],"11":[0,0],"12":[0,0],"13":[0,0],"14":[0,0],"15":[0,0],"16":[0,0],"17":[0,0],"18":[0,0],"19":[0,0],"20":[0,0],"21":[0,0],"22":[0,0],"23":[0,0],"24":[0,0],"25":[0,0],"26":[0,0],"27":[0,0],"28":[0,0],"29":[0,0],"30":[0,0],"31":[0,0],"32":[0,0],"33":[0,0,0]}}
,"/Users/tristonmiller/Desktop/SwiftBarPlugins1/OpenScholar/frontend/src/utils/savedPapers.ts": {"path":"/Users/tristonmiller/Desktop/SwiftBarPlugins1/OpenScholar/frontend/src/utils/savedPapers.ts","statementMap":{"0":{"start":{"line":3,"column":25},"end":{"line":3,"column":51}},"1":{"start":{"line":11,"column":30},"end":{"line":19,"column":1}},"2":{"start":{"line":12,"column":2},"end":{"line":18,"column":3}},"3":{"start":{"line":13,"column":18},"end":{"line":13,"column":56}},"4":{"start":{"line":14,"column":4},"end":{"line":14,"column":42}},"5":{"start":{"line":16,"column":4},"end":{"line":16,"column":56}},"6":{"start":{"line":17,"column":4},"end":{"line":17,"column":14}},"7":{"start":{"line":21,"column":25},"end":{"line":45,"column":1}},"8":{"start":{"line":22,"column":2},"end":{"line":44,"column":3}},"9":{"start":{"line":23,"column":24},"end":{"line":23,"column":40}},"10":{"start":{"line":24,"column":42},"end":{"line":28,"column":5}},"11":{"start":{"line":31,"column":27},"end":{"line":34,"column":5}},"12":{"start":{"line":32,"column":6},"end":{"line":33,"column":38}},"13":{"start":{"line":36,"column":4},"end":{"line":41,"column":5}},"14":{"start":{"line":37,"column":6},"end":{"line":37,"column":45}},"15":{"start":{"line":38,"column":6},"end":{"line":38,"column":74}},"16":{"start":{"line":40,"column":6},"end":{"line":40,"column":66}},"17":{"start":{"line":43,"column":4},"end":{"line":43,"column":48}},"18":{"start":{"line":47,"column":27},"end":{"line":62,"column":1}},"19":{"start":{"line":48,"column":2},"end":{"line":61,"column":3}},"20":{"start":{"line":49,"column":24},"end":{"line":49,"column":40}},"21":{"start":{"line":50,"column":27},"end":{"line":55,"column":5}},"22":{"start":{"line":51,"column":6},"end":{"line":54,"column":7}},"23":{"start":{"line":56,"column":4},"end":{"line":56,"column":75}},"24":{"start":{"line":58,"column":4},"end":{"line":58,"column":64}},"25":{"start":{"line":60,"column":4},"end":{"line":60,"column":56}},"26":{"start":{"line":64,"column":28},"end":{"line":75,"column":1}},"27":{"start":{"line":65,"column":2},"end":{"line":74,"column":3}},"28":{"start":{"line":66,"column":24},"end":{"line":66,"column":40}},"29":{"start":{"line":67,"column":4},"end":{"line":70,"column":6}},"30":{"start":{"line":68,"column":6},"end":{"line":69,"column":38}},"31":{"start":{"line":72,"column":4},"end":{"line":72,"column":62}},"32":{"start":{"line":73,"column":4},"end":{"line":73,"column":17}},"33":{"start":{"line":77,"column":33},"end":{"line":90,"column":1}},"34":{"start":{"line":78,"column":22},"end":{"line":78,"column":38}},"35":{"start":{"line":80,"column":2},"end":{"line":89,"column":3}},"36":{"start":{"line":82,"column":6},"end":{"line":82,"column":41}},"37":{"start":{"line":84,"column":6},"end":{"line":84,"column":42}},"38":{"start":{"line":86,"column":6},"end":{"line":86,"column":42}},"39":{"start":{"line":88,"column":6},"end":{"line":88,"column":16}},"40":{"start":{"line":92,"column":23},"end":{"line":108,"column":1}},"41":{"start":{"line":93,"column":2},"end":{"line":107,"column":18}},"42":{"start":{"line":94,"column":16},"end":{"line":95,"column":73}},"43":{"start":{"line":97,"column":4},"end":{"line":106,"column":3}},"44":{"start":{"line":110,"column":24},"end":{"line":125,"column":1}},"45":{"start":{"line":111,"column":20},"end":{"line":111,"column":63}},"46":{"start":{"line":111,"column":43},"end":{"line":111,"column":62}},"47":{"start":{"line":113,"column":2},"end":{"line":124,"column":49}},"48":{"start":{"line":116,"column":0},"end":{"line":122,"column":1}},"49":{"start":{"line":127,"column":24},"end":{"line":161,"column":1}},"50":{"start":{"line":128,"column":45},"end":{"line":128,"column":47}},"51":{"start":{"line":129,"column":47},"end":{"line":129,"column":49}},"52":{"start":{"line":131,"column":2},"end":{"line":134,"column":5}},"53":{"start":{"line":132,"column":4},"end":{"line":132,"column":63}},"54":{"start":{"line":133,"column":4},"end":{"line":133,"column":71}},"55":{"start":{"line":136,"column":22},"end":{"line":136,"column":90}},"56":{"start":{"line":136,"column":68},"end":{"line":136,"column":89}},"57":{"start":{"line":137,"column":24},"end":{"line":137,"column":80}},"58":{"start":{"line":137,"column":74},"end":{"line":137,"column":79}},"59":{"start":{"line":139,"column":2},"end":{"line":160,"column":49}},"60":{"start":{"line":143,"column":45},"end":{"line":143,"column":60}},"61":{"start":{"line":148,"column":37},"end":{"line":148,"column":65}},"62":{"start":{"line":151,"column":41},"end":{"line":151,"column":71}},"63":{"start":{"line":155,"column":0},"end":{"line":158,"column":1}}},"fnMap":{"0":{"name":"(anonymous_0)","decl":{"start":{"line":11,"column":30},"end":{"line":11,"column":31}},"loc":{"start":{"line":11,"column":50},"end":{"line":19,"column":1}},"line":11},"1":{"name":"(anonymous_1)","decl":{"start":{"line":21,"column":25},"end":{"line":21,"column":26}},"loc":{"start":{"line":21,"column":49},"end":{"line":45,"column":1}},"line":21},"2":{"name":"(anonymous_2)","decl":{"start":{"line":31,"column":44},"end":{"line":31,"column":45}},"loc":{"start":{"line":32,"column":6},"end":{"line":33,"column":38}},"line":32},"3":{"name":"(anonymous_3)","decl":{"start":{"line":47,"column":27},"end":{"line":47,"column":28}},"loc":{"start":{"line":47,"column":51},"end":{"line":62,"column":1}},"line":47},"4":{"name":"(anonymous_4)","decl":{"start":{"line":50,"column":46},"end":{"line":50,"column":47}},"loc":{"start":{"line":51,"column":6},"end":{"line":54,"column":7}},"line":51},"5":{"name":"(anonymous_5)","decl":{"start":{"line":64,"column":28},"end":{"line":64,"column":29}},"loc":{"start":{"line":64,"column":55},"end":{"line":75,"column":1}},"line":64},"6":{"name":"(anonymous_6)","decl":{"start":{"line":67,"column":28},"end":{"line":67,"column":29}},"loc":{"start":{"line":68,"column":6},"end":{"line":69,"column":38}},"line":68},"7":{"name":"(anonymous_7)","decl":{"start":{"line":77,"column":33},"end":{"line":77,"column":34}},"loc":{"start":{"line":77,"column":88},"end":{"line":90,"column":1}},"line":77},"8":{"name":"(anonymous_8)","decl":{"start":{"line":92,"column":23},"end":{"line":92,"column":24}},"loc":{"start":{"line":92,"column":57},"end":{"line":108,"column":1}},"line":92},"9":{"name":"(anonymous_9)","decl":{"start":{"line":93,"column":20},"end":{"line":93,"column":21}},"loc":{"start":{"line":93,"column":29},"end":{"line":107,"column":3}},"line":93},"10":{"name":"(anonymous_10)","decl":{"start":{"line":110,"column":24},"end":{"line":110,"column":25}},"loc":{"start":{"line":110,"column":58},"end":{"line":125,"column":1}},"line":110},"11":{"name":"(anonymous_11)","decl":{"start":{"line":111,"column":34},"end":{"line":111,"column":35}},"loc":{"start":{"line":111,"column":43},"end":{"line":111,"column":62}},"line":111},"12":{"name":"(anonymous_12)","decl":{"start":{"line":115,"column":16},"end":{"line":115,"column":17}},"loc":{"start":{"line":116,"column":0},"end":{"line":122,"column":1}},"line":116},"13":{"name":"(anonymous_13)","decl":{"start":{"line":127,"column":24},"end":{"line":127,"column":25}},"loc":{"start":{"line":127,"column":58},"end":{"line":161,"column":1}},"line":127},"14":{"name":"(anonymous_14)","decl":{"start":{"line":131,"column":17},"end":{"line":131,"column":18}},"loc":{"start":{"line":131,"column":26},"end":{"line":134,"column":3}},"line":131},"15":{"name":"(anonymous_15)","decl":{"start":{"line":136,"column":54},"end":{"line":136,"column":55}},"loc":{"start":{"line":136,"column":68},"end":{"line":136,"column":89}},"line":136},"16":{"name":"(anonymous_16)","decl":{"start":{"line":137,"column":58},"end":{"line":137,"column":59}},"loc":{"start":{"line":137,"column":74},"end":{"line":137,"column":79}},"line":137},"17":{"name":"(anonymous_17)","decl":{"start":{"line":143,"column":40},"end":{"line":143,"column":41}},"loc":{"start":{"line":143,"column":45},"end":{"line":143,"column":60}},"line":143},"18":{"name":"(anonymous_18)","decl":{"start":{"line":148,"column":18},"end":{"line":148,"column":19}},"loc":{"start":{"line":148,"column":37},"end":{"line":148,"column":65}},"line":148},"19":{"name":"(anonymous_19)","decl":{"start":{"line":151,"column":20},"end":{"line":151,"column":21}},"loc":{"start":{"line":151,"column":41},"end":{"line":151,"column":71}},"line":151},"20":{"name":"(anonymous_20)","decl":{"start":{"line":154,"column":25},"end":{"line":154,"column":26}},"loc":{"start":{"line":155,"column":0},"end":{"line":158,"column":1}},"line":155}},"branchMap":{"0":{"loc":{"start":{"line":14,"column":11},"end":{"line":14,"column":41}},"type":"cond-expr","locations":[{"start":{"line":14,"column":19},"end":{"line":14,"column":36}},{"start":{"line":14,"column":39},"end":{"line":14,"column":41}}],"line":14},"1":{"loc":{"start":{"line":32,"column":6},"end":{"line":33,"column":38}},"type":"binary-expr","locations":[{"start":{"line":32,"column":7},"end":{"line":32,"column":16}},{"start":{"line":32,"column":20},"end":{"line":32,"column":48}},{"start":{"line":33,"column":6},"end":{"line":33,"column":38}}],"line":32},"2":{"loc":{"start":{"line":36,"column":4},"end":{"line":41,"column":5}},"type":"if","locations":[{"start":{"line":36,"column":4},"end":{"line":41,"column":5}},{"start":{},"end":{}}],"line":36},"3":{"loc":{"start":{"line":52,"column":8},"end":{"line":53,"column":40}},"type":"binary-expr","locations":[{"start":{"line":52,"column":9},"end":{"line":52,"column":18}},{"start":{"line":52,"column":22},"end":{"line":52,"column":50}},{"start":{"line":53,"column":8},"end":{"line":53,"column":40}}],"line":52},"4":{"loc":{"start":{"line":68,"column":6},"end":{"line":69,"column":38}},"type":"binary-expr","locations":[{"start":{"line":68,"column":7},"end":{"line":68,"column":16}},{"start":{"line":68,"column":20},"end":{"line":68,"column":48}},{"start":{"line":69,"column":6},"end":{"line":69,"column":38}}],"line":68},"5":{"loc":{"start":{"line":80,"column":2},"end":{"line":89,"column":3}},"type":"switch","locations":[{"start":{"line":81,"column":4},"end":{"line":82,"column":41}},{"start":{"line":83,"column":4},"end":{"line":84,"column":42}},{"start":{"line":85,"column":4},"end":{"line":86,"column":42}},{"start":{"line":87,"column":4},"end":{"line":88,"column":16}}],"line":80},"6":{"loc":{"start":{"line":94,"column":16},"end":{"line":95,"column":73}},"type":"cond-expr","locations":[{"start":{"line":94,"column":28},"end":{"line":94,"column":66}},{"start":{"line":95,"column":16},"end":{"line":95,"column":73}}],"line":94},"7":{"loc":{"start":{"line":101,"column":13},"end":{"line":101,"column":39}},"type":"binary-expr","locations":[{"start":{"line":101,"column":13},"end":{"line":101,"column":26}},{"start":{"line":101,"column":30},"end":{"line":101,"column":39}}],"line":101},"8":{"loc":{"start":{"line":103,"column":9},"end":{"line":103,"column":34}},"type":"binary-expr","locations":[{"start":{"line":103,"column":9},"end":{"line":103,"column":28}},{"start":{"line":103,"column":32},"end":{"line":103,"column":34}}],"line":103},"9":{"loc":{"start":{"line":104,"column":9},"end":{"line":104,"column":24}},"type":"binary-expr","locations":[{"start":{"line":104,"column":9},"end":{"line":104,"column":18}},{"start":{"line":104,"column":22},"end":{"line":104,"column":24}}],"line":104},"10":{"loc":{"start":{"line":121,"column":12},"end":{"line":121,"column":30}},"type":"binary-expr","locations":[{"start":{"line":121,"column":12},"end":{"line":121,"column":21}},{"start":{"line":121,"column":25},"end":{"line":121,"column":30}}],"line":121},"11":{"loc":{"start":{"line":132,"column":30},"end":{"line":132,"column":57}},"type":"binary-expr","locations":[{"start":{"line":132,"column":30},"end":{"line":132,"column":52}},{"start":{"line":132,"column":56},"end":{"line":132,"column":57}}],"line":132},"12":{"loc":{"start":{"line":133,"column":34},"end":{"line":133,"column":65}},"type":"binary-expr","locations":[{"start":{"line":133,"column":34},"end":{"line":133,"column":60}},{"start":{"line":133,"column":64},"end":{"line":133,"column":65}}],"line":133},"13":{"loc":{"start":{"line":144,"column":28},"end":{"line":144,"column":120}},"type":"cond-expr","locations":[{"start":{"line":144,"column":48},"end":{"line":144,"column":112}},{"start":{"line":144,"column":115},"end":{"line":144,"column":120}}],"line":144},"14":{"loc":{"start":{"line":145,"column":22},"end":{"line":145,"column":98}},"type":"cond-expr","locations":[{"start":{"line":145,"column":42},"end":{"line":145,"column":90}},{"start":{"line":145,"column":93},"end":{"line":145,"column":98}}],"line":145},"15":{"loc":{"start":{"line":156,"column":55},"end":{"line":156,"column":96}},"type":"cond-expr","locations":[{"start":{"line":156,"column":82},"end":{"line":156,"column":91}},{"start":{"line":156,"column":94},"end":{"line":156,"column":96}}],"line":156}},"s":{"0":0,"1":0,"2":0,"3":0,"4":0,"5":0,"6":0,"7":0,"8":0,"9":0,"10":0,"11":0,"12":0,"13":0,"14":0,"15":0,"16":0,"17":0,"18":0,"19":0,"20":0,"21":0,"22":0,"23":0,"24":0,"25":0,"26":0,"27":0,"28":0,"29":0,"30":0,"31":0,"32":0,"33":0,"34":0,"35":0,"36":0,"37":0,"38":0,"39":0,"40":0,"41":0,"42":0,"43":0,"44":0,"45":0,"46":0,"47":0,"48":0,"49":0,"50":0,"51":0,"52":0,"53":0,"54":0,"55":0,"56":0,"57":0,"58":0,"59":0,"60":0,"61":0,"62":0,"63":0},"f":{"0":0,"1":0,"2":0,"3":0,"4":0,"5":0,"6":0,"7":0,"8":0,"9":0,"10":0,"11":0,"12":0,"13":0,"14":0,"15":0,"16":0,"17":0,"18":0,"19":0,"20":0},"b":{"0":[0,0],"1":[0,0,0],"2":[0,0],"3":[0,0,0],"4":[0,0,0],"5":[0,0,0,0],"6":[0,0],"7":[0,0],"8":[0,0],"9":[0,0],"10":[0,0],"11":[0,0],"12":[0,0],"13":[0,0],"14":[0,0],"15":[0,0]}}
}
